<?xml version="1.0" encoding="UTF-8"?>
<testsuites tests="6" failures="0" disabled="0" errors="0" time="0.001" timestamp="2024-04-22T21:33:59.352" name="AllTests">
  <testsuite name="TimingTest" tests="6" failures="0" disabled="0" skipped="0" errors="0" time="0.001" timestamp="2024-04-22T21:33:59.352">
    <testcase name="ElementCountingWorks" file="/home/ubuntu/W4GROMACSPIPE/Gromacs_Head/Gromacs_Base/gromacs-2024.1/src/gromacs/timing/tests/timing.cpp" line="79" status="run" result="completed" time="0" timestamp="2024-04-22T21:33:59.352" classname="TimingTest" />
    <testcase name="ElementNoCountingWorks" file="/home/ubuntu/W4GROMACSPIPE/Gromacs_Head/Gromacs_Base/gromacs-2024.1/src/gromacs/timing/tests/timing.cpp" line="89" status="run" result="completed" time="0" timestamp="2024-04-22T21:33:59.352" classname="TimingTest" />
    <testcase name="SubElementCountingWorks" file="/home/ubuntu/W4GROMACSPIPE/Gromacs_Head/Gromacs_Base/gromacs-2024.1/src/gromacs/timing/tests/timing.cpp" line="103" status="run" result="completed" time="0" timestamp="2024-04-22T21:33:59.352" classname="TimingTest" />
    <testcase name="SubElementNoCountingWorks" file="/home/ubuntu/W4GROMACSPIPE/Gromacs_Head/Gromacs_Base/gromacs-2024.1/src/gromacs/timing/tests/timing.cpp" line="116" status="run" result="completed" time="0" timestamp="2024-04-22T21:33:59.352" classname="TimingTest" />
    <testcase name="RunWallCycle" file="/home/ubuntu/W4GROMACSPIPE/Gromacs_Head/Gromacs_Base/gromacs-2024.1/src/gromacs/timing/tests/timing.cpp" line="133" status="run" result="completed" time="0.001" timestamp="2024-04-22T21:33:59.352" classname="TimingTest" />
    <testcase name="RunWallCycleSub" file="/home/ubuntu/W4GROMACSPIPE/Gromacs_Head/Gromacs_Base/gromacs-2024.1/src/gromacs/timing/tests/timing.cpp" line="155" status="run" result="completed" time="0" timestamp="2024-04-22T21:33:59.353" classname="TimingTest" />
  </testsuite>
</testsuites>
