<?xml version="1.0" encoding="UTF-8"?>
<testsuites tests="25" failures="0" disabled="0" errors="0" time="63.762" timestamp="2024-04-22T21:37:26.217" name="AllTests">
  <testsuite name="PropagatorsWithCoupling/PeriodicActionsTest" tests="25" failures="0" disabled="0" skipped="0" errors="0" time="62.045" timestamp="2024-04-22T21:37:27.934">
    <testcase name="PeriodicActionsAgreeWithReference/0" value_param="({ (&quot;comm-mode&quot;, &quot;linear&quot;), (&quot;integrator&quot;, &quot;md&quot;), (&quot;maxGromppWarningsTolerated&quot;, &quot;0&quot;), (&quot;nstcomm&quot;, &quot;5&quot;), (&quot;nstpcouple&quot;, &quot;3&quot;), (&quot;nsttcouple&quot;, &quot;2&quot;), (&quot;pcoupl&quot;, &quot;no&quot;), (&quot;simulationName&quot;, &quot;argon12&quot;), (&quot;tcoupl&quot;, &quot;no&quot;) }, 0x5bcd88e9f550)" file="/home/ubuntu/W4GROMACSPIPE/Gromacs_Head/Gromacs_Base/gromacs-2024.1/src/programs/mdrun/tests/periodicactions.cpp" line="172" status="run" result="completed" time="2.541" timestamp="2024-04-22T21:37:27.934" classname="PropagatorsWithCoupling/PeriodicActionsTest" />
    <testcase name="PeriodicActionsAgreeWithReference/1" value_param="({ (&quot;comm-mode&quot;, &quot;linear&quot;), (&quot;integrator&quot;, &quot;md&quot;), (&quot;maxGromppWarningsTolerated&quot;, &quot;1&quot;), (&quot;nstcomm&quot;, &quot;5&quot;), (&quot;nstpcouple&quot;, &quot;3&quot;), (&quot;nsttcouple&quot;, &quot;2&quot;), (&quot;pcoupl&quot;, &quot;Berendsen&quot;), (&quot;simulationName&quot;, &quot;argon12&quot;), (&quot;tcoupl&quot;, &quot;no&quot;) }, 0x5bcd88e9f550)" file="/home/ubuntu/W4GROMACSPIPE/Gromacs_Head/Gromacs_Base/gromacs-2024.1/src/programs/mdrun/tests/periodicactions.cpp" line="172" status="run" result="completed" time="2.46" timestamp="2024-04-22T21:37:30.476" classname="PropagatorsWithCoupling/PeriodicActionsTest" />
    <testcase name="PeriodicActionsAgreeWithReference/2" value_param="({ (&quot;comm-mode&quot;, &quot;linear&quot;), (&quot;integrator&quot;, &quot;md&quot;), (&quot;maxGromppWarningsTolerated&quot;, &quot;0&quot;), (&quot;nstcomm&quot;, &quot;5&quot;), (&quot;nstpcouple&quot;, &quot;3&quot;), (&quot;nsttcouple&quot;, &quot;2&quot;), (&quot;pcoupl&quot;, &quot;Parrinello-Rahman&quot;), (&quot;simulationName&quot;, &quot;argon12&quot;), (&quot;tcoupl&quot;, &quot;no&quot;) }, 0x5bcd88e9f550)" file="/home/ubuntu/W4GROMACSPIPE/Gromacs_Head/Gromacs_Base/gromacs-2024.1/src/programs/mdrun/tests/periodicactions.cpp" line="172" status="run" result="completed" time="2.543" timestamp="2024-04-22T21:37:32.936" classname="PropagatorsWithCoupling/PeriodicActionsTest" />
    <testcase name="PeriodicActionsAgreeWithReference/3" value_param="({ (&quot;comm-mode&quot;, &quot;linear&quot;), (&quot;integrator&quot;, &quot;md&quot;), (&quot;maxGromppWarningsTolerated&quot;, &quot;0&quot;), (&quot;nstcomm&quot;, &quot;5&quot;), (&quot;nstpcouple&quot;, &quot;3&quot;), (&quot;nsttcouple&quot;, &quot;2&quot;), (&quot;pcoupl&quot;, &quot;C-rescale&quot;), (&quot;simulationName&quot;, &quot;argon12&quot;), (&quot;tcoupl&quot;, &quot;no&quot;) }, 0x5bcd88e9f550)" file="/home/ubuntu/W4GROMACSPIPE/Gromacs_Head/Gromacs_Base/gromacs-2024.1/src/programs/mdrun/tests/periodicactions.cpp" line="172" status="run" result="completed" time="2.465" timestamp="2024-04-22T21:37:35.480" classname="PropagatorsWithCoupling/PeriodicActionsTest" />
    <testcase name="PeriodicActionsAgreeWithReference/4" value_param="({ (&quot;comm-mode&quot;, &quot;linear&quot;), (&quot;integrator&quot;, &quot;md&quot;), (&quot;maxGromppWarningsTolerated&quot;, &quot;0&quot;), (&quot;nstcomm&quot;, &quot;5&quot;), (&quot;nstpcouple&quot;, &quot;3&quot;), (&quot;nsttcouple&quot;, &quot;2&quot;), (&quot;pcoupl&quot;, &quot;no&quot;), (&quot;simulationName&quot;, &quot;argon12&quot;), (&quot;tcoupl&quot;, &quot;v-rescale&quot;) }, 0x5bcd88e9f550)" file="/home/ubuntu/W4GROMACSPIPE/Gromacs_Head/Gromacs_Base/gromacs-2024.1/src/programs/mdrun/tests/periodicactions.cpp" line="172" status="run" result="completed" time="2.584" timestamp="2024-04-22T21:37:37.945" classname="PropagatorsWithCoupling/PeriodicActionsTest" />
    <testcase name="PeriodicActionsAgreeWithReference/5" value_param="({ (&quot;comm-mode&quot;, &quot;linear&quot;), (&quot;integrator&quot;, &quot;md&quot;), (&quot;maxGromppWarningsTolerated&quot;, &quot;1&quot;), (&quot;nstcomm&quot;, &quot;5&quot;), (&quot;nstpcouple&quot;, &quot;3&quot;), (&quot;nsttcouple&quot;, &quot;2&quot;), (&quot;pcoupl&quot;, &quot;Berendsen&quot;), (&quot;simulationName&quot;, &quot;argon12&quot;), (&quot;tcoupl&quot;, &quot;v-rescale&quot;) }, 0x5bcd88e9f550)" file="/home/ubuntu/W4GROMACSPIPE/Gromacs_Head/Gromacs_Base/gromacs-2024.1/src/programs/mdrun/tests/periodicactions.cpp" line="172" status="run" result="completed" time="2.467" timestamp="2024-04-22T21:37:40.530" classname="PropagatorsWithCoupling/PeriodicActionsTest" />
    <testcase name="PeriodicActionsAgreeWithReference/6" value_param="({ (&quot;comm-mode&quot;, &quot;linear&quot;), (&quot;integrator&quot;, &quot;md&quot;), (&quot;maxGromppWarningsTolerated&quot;, &quot;0&quot;), (&quot;nstcomm&quot;, &quot;5&quot;), (&quot;nstpcouple&quot;, &quot;3&quot;), (&quot;nsttcouple&quot;, &quot;2&quot;), (&quot;pcoupl&quot;, &quot;Parrinello-Rahman&quot;), (&quot;simulationName&quot;, &quot;argon12&quot;), (&quot;tcoupl&quot;, &quot;v-rescale&quot;) }, 0x5bcd88e9f550)" file="/home/ubuntu/W4GROMACSPIPE/Gromacs_Head/Gromacs_Base/gromacs-2024.1/src/programs/mdrun/tests/periodicactions.cpp" line="172" status="run" result="completed" time="2.467" timestamp="2024-04-22T21:37:42.997" classname="PropagatorsWithCoupling/PeriodicActionsTest" />
    <testcase name="PeriodicActionsAgreeWithReference/7" value_param="({ (&quot;comm-mode&quot;, &quot;linear&quot;), (&quot;integrator&quot;, &quot;md&quot;), (&quot;maxGromppWarningsTolerated&quot;, &quot;0&quot;), (&quot;nstcomm&quot;, &quot;5&quot;), (&quot;nstpcouple&quot;, &quot;3&quot;), (&quot;nsttcouple&quot;, &quot;2&quot;), (&quot;pcoupl&quot;, &quot;C-rescale&quot;), (&quot;simulationName&quot;, &quot;argon12&quot;), (&quot;tcoupl&quot;, &quot;v-rescale&quot;) }, 0x5bcd88e9f550)" file="/home/ubuntu/W4GROMACSPIPE/Gromacs_Head/Gromacs_Base/gromacs-2024.1/src/programs/mdrun/tests/periodicactions.cpp" line="172" status="run" result="completed" time="2.602" timestamp="2024-04-22T21:37:45.465" classname="PropagatorsWithCoupling/PeriodicActionsTest" />
    <testcase name="PeriodicActionsAgreeWithReference/8" value_param="({ (&quot;comm-mode&quot;, &quot;linear&quot;), (&quot;integrator&quot;, &quot;md&quot;), (&quot;maxGromppWarningsTolerated&quot;, &quot;0&quot;), (&quot;nstcomm&quot;, &quot;5&quot;), (&quot;nstpcouple&quot;, &quot;3&quot;), (&quot;nsttcouple&quot;, &quot;2&quot;), (&quot;pcoupl&quot;, &quot;no&quot;), (&quot;simulationName&quot;, &quot;argon12&quot;), (&quot;tcoupl&quot;, &quot;Nose-Hoover&quot;) }, 0x5bcd88e9f550)" file="/home/ubuntu/W4GROMACSPIPE/Gromacs_Head/Gromacs_Base/gromacs-2024.1/src/programs/mdrun/tests/periodicactions.cpp" line="172" status="run" result="completed" time="2.452" timestamp="2024-04-22T21:37:48.068" classname="PropagatorsWithCoupling/PeriodicActionsTest" />
    <testcase name="PeriodicActionsAgreeWithReference/9" value_param="({ (&quot;comm-mode&quot;, &quot;linear&quot;), (&quot;integrator&quot;, &quot;md&quot;), (&quot;maxGromppWarningsTolerated&quot;, &quot;1&quot;), (&quot;nstcomm&quot;, &quot;5&quot;), (&quot;nstpcouple&quot;, &quot;3&quot;), (&quot;nsttcouple&quot;, &quot;2&quot;), (&quot;pcoupl&quot;, &quot;Berendsen&quot;), (&quot;simulationName&quot;, &quot;argon12&quot;), (&quot;tcoupl&quot;, &quot;Nose-Hoover&quot;) }, 0x5bcd88e9f550)" file="/home/ubuntu/W4GROMACSPIPE/Gromacs_Head/Gromacs_Base/gromacs-2024.1/src/programs/mdrun/tests/periodicactions.cpp" line="172" status="run" result="completed" time="2.449" timestamp="2024-04-22T21:37:50.521" classname="PropagatorsWithCoupling/PeriodicActionsTest" />
    <testcase name="PeriodicActionsAgreeWithReference/10" value_param="({ (&quot;comm-mode&quot;, &quot;linear&quot;), (&quot;integrator&quot;, &quot;md&quot;), (&quot;maxGromppWarningsTolerated&quot;, &quot;0&quot;), (&quot;nstcomm&quot;, &quot;5&quot;), (&quot;nstpcouple&quot;, &quot;3&quot;), (&quot;nsttcouple&quot;, &quot;2&quot;), (&quot;pcoupl&quot;, &quot;Parrinello-Rahman&quot;), (&quot;simulationName&quot;, &quot;argon12&quot;), (&quot;tcoupl&quot;, &quot;Nose-Hoover&quot;) }, 0x5bcd88e9f550)" file="/home/ubuntu/W4GROMACSPIPE/Gromacs_Head/Gromacs_Base/gromacs-2024.1/src/programs/mdrun/tests/periodicactions.cpp" line="172" status="run" result="completed" time="2.442" timestamp="2024-04-22T21:37:52.970" classname="PropagatorsWithCoupling/PeriodicActionsTest" />
    <testcase name="PeriodicActionsAgreeWithReference/11" value_param="({ (&quot;comm-mode&quot;, &quot;linear&quot;), (&quot;integrator&quot;, &quot;md&quot;), (&quot;maxGromppWarningsTolerated&quot;, &quot;0&quot;), (&quot;nstcomm&quot;, &quot;5&quot;), (&quot;nstpcouple&quot;, &quot;3&quot;), (&quot;nsttcouple&quot;, &quot;2&quot;), (&quot;pcoupl&quot;, &quot;C-rescale&quot;), (&quot;simulationName&quot;, &quot;argon12&quot;), (&quot;tcoupl&quot;, &quot;Nose-Hoover&quot;) }, 0x5bcd88e9f550)" file="/home/ubuntu/W4GROMACSPIPE/Gromacs_Head/Gromacs_Base/gromacs-2024.1/src/programs/mdrun/tests/periodicactions.cpp" line="172" status="run" result="completed" time="2.548" timestamp="2024-04-22T21:37:55.413" classname="PropagatorsWithCoupling/PeriodicActionsTest" />
    <testcase name="PeriodicActionsAgreeWithReference/12" value_param="({ (&quot;comm-mode&quot;, &quot;linear&quot;), (&quot;integrator&quot;, &quot;sd&quot;), (&quot;maxGromppWarningsTolerated&quot;, &quot;0&quot;), (&quot;nstcomm&quot;, &quot;5&quot;), (&quot;nstpcouple&quot;, &quot;3&quot;), (&quot;nsttcouple&quot;, &quot;2&quot;), (&quot;pcoupl&quot;, &quot;no&quot;), (&quot;simulationName&quot;, &quot;argon12&quot;), (&quot;tcoupl&quot;, &quot;no&quot;) }, 0x5bcd88e9f550)" file="/home/ubuntu/W4GROMACSPIPE/Gromacs_Head/Gromacs_Base/gromacs-2024.1/src/programs/mdrun/tests/periodicactions.cpp" line="172" status="run" result="completed" time="2.448" timestamp="2024-04-22T21:37:57.962" classname="PropagatorsWithCoupling/PeriodicActionsTest" />
    <testcase name="PeriodicActionsAgreeWithReference/13" value_param="({ (&quot;comm-mode&quot;, &quot;linear&quot;), (&quot;integrator&quot;, &quot;sd&quot;), (&quot;maxGromppWarningsTolerated&quot;, &quot;1&quot;), (&quot;nstcomm&quot;, &quot;5&quot;), (&quot;nstpcouple&quot;, &quot;3&quot;), (&quot;nsttcouple&quot;, &quot;2&quot;), (&quot;pcoupl&quot;, &quot;Berendsen&quot;), (&quot;simulationName&quot;, &quot;argon12&quot;), (&quot;tcoupl&quot;, &quot;no&quot;) }, 0x5bcd88e9f550)" file="/home/ubuntu/W4GROMACSPIPE/Gromacs_Head/Gromacs_Base/gromacs-2024.1/src/programs/mdrun/tests/periodicactions.cpp" line="172" status="run" result="completed" time="2.462" timestamp="2024-04-22T21:38:00.410" classname="PropagatorsWithCoupling/PeriodicActionsTest" />
    <testcase name="PeriodicActionsAgreeWithReference/14" value_param="({ (&quot;comm-mode&quot;, &quot;linear&quot;), (&quot;integrator&quot;, &quot;sd&quot;), (&quot;maxGromppWarningsTolerated&quot;, &quot;0&quot;), (&quot;nstcomm&quot;, &quot;5&quot;), (&quot;nstpcouple&quot;, &quot;3&quot;), (&quot;nsttcouple&quot;, &quot;2&quot;), (&quot;pcoupl&quot;, &quot;Parrinello-Rahman&quot;), (&quot;simulationName&quot;, &quot;argon12&quot;), (&quot;tcoupl&quot;, &quot;no&quot;) }, 0x5bcd88e9f550)" file="/home/ubuntu/W4GROMACSPIPE/Gromacs_Head/Gromacs_Base/gromacs-2024.1/src/programs/mdrun/tests/periodicactions.cpp" line="172" status="run" result="completed" time="2.459" timestamp="2024-04-22T21:38:02.873" classname="PropagatorsWithCoupling/PeriodicActionsTest" />
    <testcase name="PeriodicActionsAgreeWithReference/15" value_param="({ (&quot;comm-mode&quot;, &quot;linear&quot;), (&quot;integrator&quot;, &quot;sd&quot;), (&quot;maxGromppWarningsTolerated&quot;, &quot;0&quot;), (&quot;nstcomm&quot;, &quot;5&quot;), (&quot;nstpcouple&quot;, &quot;3&quot;), (&quot;nsttcouple&quot;, &quot;2&quot;), (&quot;pcoupl&quot;, &quot;C-rescale&quot;), (&quot;simulationName&quot;, &quot;argon12&quot;), (&quot;tcoupl&quot;, &quot;no&quot;) }, 0x5bcd88e9f550)" file="/home/ubuntu/W4GROMACSPIPE/Gromacs_Head/Gromacs_Base/gromacs-2024.1/src/programs/mdrun/tests/periodicactions.cpp" line="172" status="run" result="completed" time="2.468" timestamp="2024-04-22T21:38:05.332" classname="PropagatorsWithCoupling/PeriodicActionsTest" />
    <testcase name="PeriodicActionsAgreeWithReference/16" value_param="({ (&quot;comm-mode&quot;, &quot;linear&quot;), (&quot;integrator&quot;, &quot;md-vv&quot;), (&quot;maxGromppWarningsTolerated&quot;, &quot;0&quot;), (&quot;nstcomm&quot;, &quot;5&quot;), (&quot;nstpcouple&quot;, &quot;3&quot;), (&quot;nsttcouple&quot;, &quot;2&quot;), (&quot;pcoupl&quot;, &quot;no&quot;), (&quot;simulationName&quot;, &quot;argon12&quot;), (&quot;tcoupl&quot;, &quot;no&quot;) }, 0x5bcd88e9f550)" file="/home/ubuntu/W4GROMACSPIPE/Gromacs_Head/Gromacs_Base/gromacs-2024.1/src/programs/mdrun/tests/periodicactions.cpp" line="172" status="run" result="completed" time="2.476" timestamp="2024-04-22T21:38:07.800" classname="PropagatorsWithCoupling/PeriodicActionsTest" />
    <testcase name="PeriodicActionsAgreeWithReference/17" value_param="({ (&quot;comm-mode&quot;, &quot;linear&quot;), (&quot;integrator&quot;, &quot;md-vv&quot;), (&quot;maxGromppWarningsTolerated&quot;, &quot;1&quot;), (&quot;nstcomm&quot;, &quot;5&quot;), (&quot;nstpcouple&quot;, &quot;3&quot;), (&quot;nsttcouple&quot;, &quot;2&quot;), (&quot;pcoupl&quot;, &quot;Berendsen&quot;), (&quot;simulationName&quot;, &quot;argon12&quot;), (&quot;tcoupl&quot;, &quot;no&quot;) }, 0x5bcd88e9f550)" file="/home/ubuntu/W4GROMACSPIPE/Gromacs_Head/Gromacs_Base/gromacs-2024.1/src/programs/mdrun/tests/periodicactions.cpp" line="172" status="run" result="completed" time="2.464" timestamp="2024-04-22T21:38:10.277" classname="PropagatorsWithCoupling/PeriodicActionsTest" />
    <testcase name="PeriodicActionsAgreeWithReference/18" value_param="({ (&quot;comm-mode&quot;, &quot;linear&quot;), (&quot;integrator&quot;, &quot;md-vv&quot;), (&quot;maxGromppWarningsTolerated&quot;, &quot;0&quot;), (&quot;nstcomm&quot;, &quot;5&quot;), (&quot;nstpcouple&quot;, &quot;3&quot;), (&quot;nsttcouple&quot;, &quot;2&quot;), (&quot;pcoupl&quot;, &quot;C-rescale&quot;), (&quot;simulationName&quot;, &quot;argon12&quot;), (&quot;tcoupl&quot;, &quot;no&quot;) }, 0x5bcd88e9f550)" file="/home/ubuntu/W4GROMACSPIPE/Gromacs_Head/Gromacs_Base/gromacs-2024.1/src/programs/mdrun/tests/periodicactions.cpp" line="172" status="run" result="completed" time="2.451" timestamp="2024-04-22T21:38:12.741" classname="PropagatorsWithCoupling/PeriodicActionsTest" />
    <testcase name="PeriodicActionsAgreeWithReference/19" value_param="({ (&quot;comm-mode&quot;, &quot;linear&quot;), (&quot;integrator&quot;, &quot;md-vv&quot;), (&quot;maxGromppWarningsTolerated&quot;, &quot;0&quot;), (&quot;nstcomm&quot;, &quot;5&quot;), (&quot;nstpcouple&quot;, &quot;3&quot;), (&quot;nsttcouple&quot;, &quot;2&quot;), (&quot;pcoupl&quot;, &quot;no&quot;), (&quot;simulationName&quot;, &quot;argon12&quot;), (&quot;tcoupl&quot;, &quot;v-rescale&quot;) }, 0x5bcd88e9f550)" file="/home/ubuntu/W4GROMACSPIPE/Gromacs_Head/Gromacs_Base/gromacs-2024.1/src/programs/mdrun/tests/periodicactions.cpp" line="172" status="run" result="completed" time="2.46" timestamp="2024-04-22T21:38:15.192" classname="PropagatorsWithCoupling/PeriodicActionsTest" />
    <testcase name="PeriodicActionsAgreeWithReference/20" value_param="({ (&quot;comm-mode&quot;, &quot;linear&quot;), (&quot;integrator&quot;, &quot;md-vv&quot;), (&quot;maxGromppWarningsTolerated&quot;, &quot;1&quot;), (&quot;nstcomm&quot;, &quot;5&quot;), (&quot;nstpcouple&quot;, &quot;3&quot;), (&quot;nsttcouple&quot;, &quot;2&quot;), (&quot;pcoupl&quot;, &quot;Berendsen&quot;), (&quot;simulationName&quot;, &quot;argon12&quot;), (&quot;tcoupl&quot;, &quot;v-rescale&quot;) }, 0x5bcd88e9f550)" file="/home/ubuntu/W4GROMACSPIPE/Gromacs_Head/Gromacs_Base/gromacs-2024.1/src/programs/mdrun/tests/periodicactions.cpp" line="172" status="run" result="completed" time="2.466" timestamp="2024-04-22T21:38:17.653" classname="PropagatorsWithCoupling/PeriodicActionsTest" />
    <testcase name="PeriodicActionsAgreeWithReference/21" value_param="({ (&quot;comm-mode&quot;, &quot;linear&quot;), (&quot;integrator&quot;, &quot;md-vv&quot;), (&quot;maxGromppWarningsTolerated&quot;, &quot;0&quot;), (&quot;nstcomm&quot;, &quot;5&quot;), (&quot;nstpcouple&quot;, &quot;3&quot;), (&quot;nsttcouple&quot;, &quot;2&quot;), (&quot;pcoupl&quot;, &quot;C-rescale&quot;), (&quot;simulationName&quot;, &quot;argon12&quot;), (&quot;tcoupl&quot;, &quot;v-rescale&quot;) }, 0x5bcd88e9f550)" file="/home/ubuntu/W4GROMACSPIPE/Gromacs_Head/Gromacs_Base/gromacs-2024.1/src/programs/mdrun/tests/periodicactions.cpp" line="172" status="run" result="completed" time="2.463" timestamp="2024-04-22T21:38:20.119" classname="PropagatorsWithCoupling/PeriodicActionsTest" />
    <testcase name="PeriodicActionsAgreeWithReference/22" value_param="({ (&quot;comm-mode&quot;, &quot;linear&quot;), (&quot;integrator&quot;, &quot;md-vv&quot;), (&quot;maxGromppWarningsTolerated&quot;, &quot;0&quot;), (&quot;nstcomm&quot;, &quot;5&quot;), (&quot;nstpcouple&quot;, &quot;3&quot;), (&quot;nsttcouple&quot;, &quot;2&quot;), (&quot;pcoupl&quot;, &quot;no&quot;), (&quot;simulationName&quot;, &quot;argon12&quot;), (&quot;tcoupl&quot;, &quot;Nose-Hoover&quot;) }, 0x5bcd88e9f550)" file="/home/ubuntu/W4GROMACSPIPE/Gromacs_Head/Gromacs_Base/gromacs-2024.1/src/programs/mdrun/tests/periodicactions.cpp" line="172" status="run" result="completed" time="2.462" timestamp="2024-04-22T21:38:22.582" classname="PropagatorsWithCoupling/PeriodicActionsTest" />
    <testcase name="PeriodicActionsAgreeWithReference/23" value_param="({ (&quot;comm-mode&quot;, &quot;linear&quot;), (&quot;integrator&quot;, &quot;md-vv&quot;), (&quot;maxGromppWarningsTolerated&quot;, &quot;0&quot;), (&quot;nstcomm&quot;, &quot;5&quot;), (&quot;nstpcouple&quot;, &quot;3&quot;), (&quot;nsttcouple&quot;, &quot;2&quot;), (&quot;pcoupl&quot;, &quot;MTTK&quot;), (&quot;simulationName&quot;, &quot;argon12&quot;), (&quot;tcoupl&quot;, &quot;Nose-Hoover&quot;) }, 0x5bcd88e9f550)" file="/home/ubuntu/W4GROMACSPIPE/Gromacs_Head/Gromacs_Base/gromacs-2024.1/src/programs/mdrun/tests/periodicactions.cpp" line="172" status="run" result="completed" time="2.472" timestamp="2024-04-22T21:38:25.044" classname="PropagatorsWithCoupling/PeriodicActionsTest" />
    <testcase name="PeriodicActionsAgreeWithReference/24" value_param="({ (&quot;comm-mode&quot;, &quot;linear&quot;), (&quot;integrator&quot;, &quot;md-vv&quot;), (&quot;maxGromppWarningsTolerated&quot;, &quot;0&quot;), (&quot;nstcomm&quot;, &quot;5&quot;), (&quot;nstpcouple&quot;, &quot;3&quot;), (&quot;nsttcouple&quot;, &quot;2&quot;), (&quot;pcoupl&quot;, &quot;C-rescale&quot;), (&quot;simulationName&quot;, &quot;argon12&quot;), (&quot;tcoupl&quot;, &quot;Nose-Hoover&quot;) }, 0x5bcd88e9f550)" file="/home/ubuntu/W4GROMACSPIPE/Gromacs_Head/Gromacs_Base/gromacs-2024.1/src/programs/mdrun/tests/periodicactions.cpp" line="172" status="run" result="completed" time="2.462" timestamp="2024-04-22T21:38:27.517" classname="PropagatorsWithCoupling/PeriodicActionsTest" />
  </testsuite>
</testsuites>
