<?xml version="1.0" encoding="UTF-8"?>
<testsuites tests="201" failures="0" disabled="0" errors="0" time="0.105" timestamp="2024-04-22T21:34:12.973" name="AllTests">
  <testsuite name="IndexGroupTest" tests="1" failures="0" disabled="0" skipped="0" errors="0" time="0" timestamp="2024-04-22T21:34:12.973">
    <testcase name="RemovesDuplicates" file="/home/ubuntu/W4GROMACSPIPE/Gromacs_Head/Gromacs_Base/gromacs-2024.1/src/gromacs/selection/tests/indexutil.cpp" line="70" status="run" result="completed" time="0" timestamp="2024-04-22T21:34:12.973" classname="IndexGroupTest" />
  </testsuite>
  <testsuite name="IndexBlockTest" tests="15" failures="0" disabled="0" skipped="0" errors="0" time="0.001" timestamp="2024-04-22T21:34:12.973">
    <testcase name="CreatesUnknownBlock" file="/home/ubuntu/W4GROMACSPIPE/Gromacs_Head/Gromacs_Base/gromacs-2024.1/src/gromacs/selection/tests/indexutil.cpp" line="203" status="run" result="completed" time="0" timestamp="2024-04-22T21:34:12.973" classname="IndexBlockTest" />
    <testcase name="CreatesAtomBlock" file="/home/ubuntu/W4GROMACSPIPE/Gromacs_Head/Gromacs_Base/gromacs-2024.1/src/gromacs/selection/tests/indexutil.cpp" line="212" status="run" result="completed" time="0" timestamp="2024-04-22T21:34:12.974" classname="IndexBlockTest" />
    <testcase name="CreatesResidueBlocksForSimpleTopology" file="/home/ubuntu/W4GROMACSPIPE/Gromacs_Head/Gromacs_Base/gromacs-2024.1/src/gromacs/selection/tests/indexutil.cpp" line="223" status="run" result="completed" time="0" timestamp="2024-04-22T21:34:12.974" classname="IndexBlockTest" />
    <testcase name="CreatesResidueBlocksForComplexTopology" file="/home/ubuntu/W4GROMACSPIPE/Gromacs_Head/Gromacs_Base/gromacs-2024.1/src/gromacs/selection/tests/indexutil.cpp" line="236" status="run" result="completed" time="0" timestamp="2024-04-22T21:34:12.974" classname="IndexBlockTest" />
    <testcase name="CreatesMoleculeBlocksForSimpleTopology" file="/home/ubuntu/W4GROMACSPIPE/Gromacs_Head/Gromacs_Base/gromacs-2024.1/src/gromacs/selection/tests/indexutil.cpp" line="262" status="run" result="completed" time="0" timestamp="2024-04-22T21:34:12.974" classname="IndexBlockTest" />
    <testcase name="CreatesMoleculeBlocksForComplexTopology" file="/home/ubuntu/W4GROMACSPIPE/Gromacs_Head/Gromacs_Base/gromacs-2024.1/src/gromacs/selection/tests/indexutil.cpp" line="275" status="run" result="completed" time="0" timestamp="2024-04-22T21:34:12.974" classname="IndexBlockTest" />
    <testcase name="CreatesSingleBlock" file="/home/ubuntu/W4GROMACSPIPE/Gromacs_Head/Gromacs_Base/gromacs-2024.1/src/gromacs/selection/tests/indexutil.cpp" line="301" status="run" result="completed" time="0" timestamp="2024-04-22T21:34:12.974" classname="IndexBlockTest" />
    <testcase name="ChecksGroupForFullBlocksPositive" file="/home/ubuntu/W4GROMACSPIPE/Gromacs_Head/Gromacs_Base/gromacs-2024.1/src/gromacs/selection/tests/indexutil.cpp" line="316" status="run" result="completed" time="0" timestamp="2024-04-22T21:34:12.974" classname="IndexBlockTest" />
    <testcase name="ChecksOutOfOrderGroupForFullBlocksPositive" file="/home/ubuntu/W4GROMACSPIPE/Gromacs_Head/Gromacs_Base/gromacs-2024.1/src/gromacs/selection/tests/indexutil.cpp" line="328" status="run" result="completed" time="0" timestamp="2024-04-22T21:34:12.974" classname="IndexBlockTest" />
    <testcase name="ChecksGroupForFullBlocksNegative" file="/home/ubuntu/W4GROMACSPIPE/Gromacs_Head/Gromacs_Base/gromacs-2024.1/src/gromacs/selection/tests/indexutil.cpp" line="342" status="run" result="completed" time="0" timestamp="2024-04-22T21:34:12.974" classname="IndexBlockTest" />
    <testcase name="ChecksGroupForCompleteElementsTrivial" file="/home/ubuntu/W4GROMACSPIPE/Gromacs_Head/Gromacs_Base/gromacs-2024.1/src/gromacs/selection/tests/indexutil.cpp" line="368" status="run" result="completed" time="0" timestamp="2024-04-22T21:34:12.974" classname="IndexBlockTest" />
    <testcase name="ChecksGroupForCompleteResiduesPositive" file="/home/ubuntu/W4GROMACSPIPE/Gromacs_Head/Gromacs_Base/gromacs-2024.1/src/gromacs/selection/tests/indexutil.cpp" line="377" status="run" result="completed" time="0" timestamp="2024-04-22T21:34:12.974" classname="IndexBlockTest" />
    <testcase name="ChecksGroupForCompleteResiduesNegative" file="/home/ubuntu/W4GROMACSPIPE/Gromacs_Head/Gromacs_Base/gromacs-2024.1/src/gromacs/selection/tests/indexutil.cpp" line="393" status="run" result="completed" time="0" timestamp="2024-04-22T21:34:12.974" classname="IndexBlockTest" />
    <testcase name="ChecksGroupForCompleteMoleculesPositive" file="/home/ubuntu/W4GROMACSPIPE/Gromacs_Head/Gromacs_Base/gromacs-2024.1/src/gromacs/selection/tests/indexutil.cpp" line="417" status="run" result="completed" time="0" timestamp="2024-04-22T21:34:12.974" classname="IndexBlockTest" />
    <testcase name="ChecksGroupForCompleteMoleculesNegative" file="/home/ubuntu/W4GROMACSPIPE/Gromacs_Head/Gromacs_Base/gromacs-2024.1/src/gromacs/selection/tests/indexutil.cpp" line="430" status="run" result="completed" time="0" timestamp="2024-04-22T21:34:12.975" classname="IndexBlockTest" />
  </testsuite>
  <testsuite name="IndexMapTest" tests="11" failures="0" disabled="0" skipped="0" errors="0" time="0.001" timestamp="2024-04-22T21:34:12.975">
    <testcase name="InitializesAtomBlock" file="/home/ubuntu/W4GROMACSPIPE/Gromacs_Head/Gromacs_Base/gromacs-2024.1/src/gromacs/selection/tests/indexutil.cpp" line="559" status="run" result="completed" time="0" timestamp="2024-04-22T21:34:12.975" classname="IndexMapTest" />
    <testcase name="InitializesOrgIdGroupAtom" file="/home/ubuntu/W4GROMACSPIPE/Gromacs_Head/Gromacs_Base/gromacs-2024.1/src/gromacs/selection/tests/indexutil.cpp" line="565" status="run" result="completed" time="0" timestamp="2024-04-22T21:34:12.975" classname="IndexMapTest" />
    <testcase name="InitializesOrgIdGroupSingle" file="/home/ubuntu/W4GROMACSPIPE/Gromacs_Head/Gromacs_Base/gromacs-2024.1/src/gromacs/selection/tests/indexutil.cpp" line="572" status="run" result="completed" time="0" timestamp="2024-04-22T21:34:12.975" classname="IndexMapTest" />
    <testcase name="InitializesOrgIdGroupResidue" file="/home/ubuntu/W4GROMACSPIPE/Gromacs_Head/Gromacs_Base/gromacs-2024.1/src/gromacs/selection/tests/indexutil.cpp" line="581" status="run" result="completed" time="0" timestamp="2024-04-22T21:34:12.975" classname="IndexMapTest" />
    <testcase name="InitializesOrgIdGroupMolecule" file="/home/ubuntu/W4GROMACSPIPE/Gromacs_Head/Gromacs_Base/gromacs-2024.1/src/gromacs/selection/tests/indexutil.cpp" line="590" status="run" result="completed" time="0" timestamp="2024-04-22T21:34:12.975" classname="IndexMapTest" />
    <testcase name="InitializesOrgIdGroupAll" file="/home/ubuntu/W4GROMACSPIPE/Gromacs_Head/Gromacs_Base/gromacs-2024.1/src/gromacs/selection/tests/indexutil.cpp" line="600" status="run" result="completed" time="0" timestamp="2024-04-22T21:34:12.975" classname="IndexMapTest" />
    <testcase name="InitializesMoleculeBlock" file="/home/ubuntu/W4GROMACSPIPE/Gromacs_Head/Gromacs_Base/gromacs-2024.1/src/gromacs/selection/tests/indexutil.cpp" line="607" status="run" result="completed" time="0" timestamp="2024-04-22T21:34:12.975" classname="IndexMapTest" />
    <testcase name="MapsSingleBlock" file="/home/ubuntu/W4GROMACSPIPE/Gromacs_Head/Gromacs_Base/gromacs-2024.1/src/gromacs/selection/tests/indexutil.cpp" line="616" status="run" result="completed" time="0" timestamp="2024-04-22T21:34:12.975" classname="IndexMapTest" />
    <testcase name="MapsResidueBlocks" file="/home/ubuntu/W4GROMACSPIPE/Gromacs_Head/Gromacs_Base/gromacs-2024.1/src/gromacs/selection/tests/indexutil.cpp" line="624" status="run" result="completed" time="0" timestamp="2024-04-22T21:34:12.975" classname="IndexMapTest" />
    <testcase name="MapsResidueBlocksWithMask" file="/home/ubuntu/W4GROMACSPIPE/Gromacs_Head/Gromacs_Base/gromacs-2024.1/src/gromacs/selection/tests/indexutil.cpp" line="634" status="run" result="completed" time="0" timestamp="2024-04-22T21:34:12.975" classname="IndexMapTest" />
    <testcase name="HandlesMultipleRequests" file="/home/ubuntu/W4GROMACSPIPE/Gromacs_Head/Gromacs_Base/gromacs-2024.1/src/gromacs/selection/tests/indexutil.cpp" line="644" status="run" result="completed" time="0" timestamp="2024-04-22T21:34:12.976" classname="IndexMapTest" />
  </testsuite>
  <testsuite name="IndexGroupsAndNamesTest" tests="3" failures="0" disabled="0" skipped="0" errors="0" time="0" timestamp="2024-04-22T21:34:12.976">
    <testcase name="containsNames" file="/home/ubuntu/W4GROMACSPIPE/Gromacs_Head/Gromacs_Base/gromacs-2024.1/src/gromacs/selection/tests/indexutil.cpp" line="686" status="run" result="completed" time="0" timestamp="2024-04-22T21:34:12.976" classname="IndexGroupsAndNamesTest" />
    <testcase name="throwsWhenNameMissing" file="/home/ubuntu/W4GROMACSPIPE/Gromacs_Head/Gromacs_Base/gromacs-2024.1/src/gromacs/selection/tests/indexutil.cpp" line="697" status="run" result="completed" time="0" timestamp="2024-04-22T21:34:12.976" classname="IndexGroupsAndNamesTest" />
    <testcase name="groupIndicesCorrect" file="/home/ubuntu/W4GROMACSPIPE/Gromacs_Head/Gromacs_Base/gromacs-2024.1/src/gromacs/selection/tests/indexutil.cpp" line="702" status="run" result="completed" time="0" timestamp="2024-04-22T21:34:12.976" classname="IndexGroupsAndNamesTest" />
  </testsuite>
  <testsuite name="NeighborhoodSearchTest" tests="15" failures="0" disabled="0" skipped="0" errors="0" time="0.052" timestamp="2024-04-22T21:34:12.976">
    <testcase name="SimpleSearch" file="/home/ubuntu/W4GROMACSPIPE/Gromacs_Head/Gromacs_Base/gromacs-2024.1/src/gromacs/selection/tests/nbsearch.cpp" line="869" status="run" result="completed" time="0.008" timestamp="2024-04-22T21:34:12.976" classname="NeighborhoodSearchTest" />
    <testcase name="SimpleSearchXY" file="/home/ubuntu/W4GROMACSPIPE/Gromacs_Head/Gromacs_Base/gromacs-2024.1/src/gromacs/selection/tests/nbsearch.cpp" line="887" status="run" result="completed" time="0.008" timestamp="2024-04-22T21:34:12.985" classname="NeighborhoodSearchTest" />
    <testcase name="GridSearchBox" file="/home/ubuntu/W4GROMACSPIPE/Gromacs_Head/Gromacs_Base/gromacs-2024.1/src/gromacs/selection/tests/nbsearch.cpp" line="903" status="run" result="completed" time="0.001" timestamp="2024-04-22T21:34:12.994" classname="NeighborhoodSearchTest" />
    <testcase name="GridSearchTriclinic" file="/home/ubuntu/W4GROMACSPIPE/Gromacs_Head/Gromacs_Base/gromacs-2024.1/src/gromacs/selection/tests/nbsearch.cpp" line="921" status="run" result="completed" time="0.004" timestamp="2024-04-22T21:34:12.995" classname="NeighborhoodSearchTest" />
    <testcase name="GridSearch2DPBC" file="/home/ubuntu/W4GROMACSPIPE/Gromacs_Head/Gromacs_Base/gromacs-2024.1/src/gromacs/selection/tests/nbsearch.cpp" line="933" status="run" result="completed" time="0.002" timestamp="2024-04-22T21:34:13.000" classname="NeighborhoodSearchTest" />
    <testcase name="GridSearchNoPBC" file="/home/ubuntu/W4GROMACSPIPE/Gromacs_Head/Gromacs_Base/gromacs-2024.1/src/gromacs/selection/tests/nbsearch.cpp" line="948" status="run" result="completed" time="0" timestamp="2024-04-22T21:34:13.002" classname="NeighborhoodSearchTest" />
    <testcase name="GridSearchXYBox" file="/home/ubuntu/W4GROMACSPIPE/Gromacs_Head/Gromacs_Base/gromacs-2024.1/src/gromacs/selection/tests/nbsearch.cpp" line="960" status="run" result="completed" time="0.001" timestamp="2024-04-22T21:34:13.003" classname="NeighborhoodSearchTest" />
    <testcase name="SimpleSelfPairsSearch" file="/home/ubuntu/W4GROMACSPIPE/Gromacs_Head/Gromacs_Base/gromacs-2024.1/src/gromacs/selection/tests/nbsearch.cpp" line="976" status="run" result="completed" time="0" timestamp="2024-04-22T21:34:13.004" classname="NeighborhoodSearchTest" />
    <testcase name="GridSelfPairsSearch" file="/home/ubuntu/W4GROMACSPIPE/Gromacs_Head/Gromacs_Base/gromacs-2024.1/src/gromacs/selection/tests/nbsearch.cpp" line="988" status="run" result="completed" time="0.021" timestamp="2024-04-22T21:34:13.004" classname="NeighborhoodSearchTest" />
    <testcase name="HandlesConcurrentSearches" file="/home/ubuntu/W4GROMACSPIPE/Gromacs_Head/Gromacs_Base/gromacs-2024.1/src/gromacs/selection/tests/nbsearch.cpp" line="1000" status="run" result="completed" time="0" timestamp="2024-04-22T21:34:13.026" classname="NeighborhoodSearchTest" />
    <testcase name="HandlesNoPBC" file="/home/ubuntu/W4GROMACSPIPE/Gromacs_Head/Gromacs_Base/gromacs-2024.1/src/gromacs/selection/tests/nbsearch.cpp" line="1034" status="run" result="completed" time="0" timestamp="2024-04-22T21:34:13.026" classname="NeighborhoodSearchTest" />
    <testcase name="HandlesNullPBC" file="/home/ubuntu/W4GROMACSPIPE/Gromacs_Head/Gromacs_Base/gromacs-2024.1/src/gromacs/selection/tests/nbsearch.cpp" line="1048" status="run" result="completed" time="0" timestamp="2024-04-22T21:34:13.026" classname="NeighborhoodSearchTest" />
    <testcase name="HandlesSkippingPairs" file="/home/ubuntu/W4GROMACSPIPE/Gromacs_Head/Gromacs_Base/gromacs-2024.1/src/gromacs/selection/tests/nbsearch.cpp" line="1062" status="run" result="completed" time="0" timestamp="2024-04-22T21:34:13.027" classname="NeighborhoodSearchTest" />
    <testcase name="SimpleSearchExclusions" file="/home/ubuntu/W4GROMACSPIPE/Gromacs_Head/Gromacs_Base/gromacs-2024.1/src/gromacs/selection/tests/nbsearch.cpp" line="1089" status="run" result="completed" time="0.002" timestamp="2024-04-22T21:34:13.027" classname="NeighborhoodSearchTest" />
    <testcase name="GridSearchExclusions" file="/home/ubuntu/W4GROMACSPIPE/Gromacs_Head/Gromacs_Base/gromacs-2024.1/src/gromacs/selection/tests/nbsearch.cpp" line="1112" status="run" result="completed" time="0" timestamp="2024-04-22T21:34:13.029" classname="NeighborhoodSearchTest" />
  </testsuite>
  <testsuite name="PositionCalculationTest" tests="13" failures="0" disabled="0" skipped="0" errors="0" time="0.001" timestamp="2024-04-22T21:34:13.029">
    <testcase name="ComputesAtomPositions" file="/home/ubuntu/W4GROMACSPIPE/Gromacs_Head/Gromacs_Base/gromacs-2024.1/src/gromacs/selection/tests/poscalc.cpp" line="347" status="run" result="completed" time="0" timestamp="2024-04-22T21:34:13.029" classname="PositionCalculationTest" />
    <testcase name="ComputesAtomPositionsWithRepeatedIndex" file="/home/ubuntu/W4GROMACSPIPE/Gromacs_Head/Gromacs_Base/gromacs-2024.1/src/gromacs/selection/tests/poscalc.cpp" line="356" status="run" result="completed" time="0" timestamp="2024-04-22T21:34:13.029" classname="PositionCalculationTest" />
    <testcase name="ComputesResidueCOGPositions" file="/home/ubuntu/W4GROMACSPIPE/Gromacs_Head/Gromacs_Base/gromacs-2024.1/src/gromacs/selection/tests/poscalc.cpp" line="366" status="run" result="completed" time="0" timestamp="2024-04-22T21:34:13.029" classname="PositionCalculationTest" />
    <testcase name="ComputesResidueCOMPositions" file="/home/ubuntu/W4GROMACSPIPE/Gromacs_Head/Gromacs_Base/gromacs-2024.1/src/gromacs/selection/tests/poscalc.cpp" line="376" status="run" result="completed" time="0" timestamp="2024-04-22T21:34:13.030" classname="PositionCalculationTest" />
    <testcase name="ComputesGroupCOGPositions" file="/home/ubuntu/W4GROMACSPIPE/Gromacs_Head/Gromacs_Base/gromacs-2024.1/src/gromacs/selection/tests/poscalc.cpp" line="386" status="run" result="completed" time="0" timestamp="2024-04-22T21:34:13.030" classname="PositionCalculationTest" />
    <testcase name="ComputesGroupCOMPositions" file="/home/ubuntu/W4GROMACSPIPE/Gromacs_Head/Gromacs_Base/gromacs-2024.1/src/gromacs/selection/tests/poscalc.cpp" line="396" status="run" result="completed" time="0" timestamp="2024-04-22T21:34:13.030" classname="PositionCalculationTest" />
    <testcase name="ComputesPositionsWithCompleteWhole" file="/home/ubuntu/W4GROMACSPIPE/Gromacs_Head/Gromacs_Base/gromacs-2024.1/src/gromacs/selection/tests/poscalc.cpp" line="405" status="run" result="completed" time="0" timestamp="2024-04-22T21:34:13.030" classname="PositionCalculationTest" />
    <testcase name="ComputesPositionsWithCompleteMax" file="/home/ubuntu/W4GROMACSPIPE/Gromacs_Head/Gromacs_Base/gromacs-2024.1/src/gromacs/selection/tests/poscalc.cpp" line="413" status="run" result="completed" time="0" timestamp="2024-04-22T21:34:13.030" classname="PositionCalculationTest" />
    <testcase name="ComputesPositionMask" file="/home/ubuntu/W4GROMACSPIPE/Gromacs_Head/Gromacs_Base/gromacs-2024.1/src/gromacs/selection/tests/poscalc.cpp" line="422" status="run" result="completed" time="0" timestamp="2024-04-22T21:34:13.030" classname="PositionCalculationTest" />
    <testcase name="HandlesFramesWithLessAtoms" file="/home/ubuntu/W4GROMACSPIPE/Gromacs_Head/Gromacs_Base/gromacs-2024.1/src/gromacs/selection/tests/poscalc.cpp" line="432" status="run" result="completed" time="0" timestamp="2024-04-22T21:34:13.030" classname="PositionCalculationTest" />
    <testcase name="HandlesFramesWithLessAtoms2" file="/home/ubuntu/W4GROMACSPIPE/Gromacs_Head/Gromacs_Base/gromacs-2024.1/src/gromacs/selection/tests/poscalc.cpp" line="439" status="run" result="completed" time="0" timestamp="2024-04-22T21:34:13.031" classname="PositionCalculationTest" />
    <testcase name="HandlesIdenticalStaticCalculations" file="/home/ubuntu/W4GROMACSPIPE/Gromacs_Head/Gromacs_Base/gromacs-2024.1/src/gromacs/selection/tests/poscalc.cpp" line="447" status="run" result="completed" time="0" timestamp="2024-04-22T21:34:13.031" classname="PositionCalculationTest" />
    <testcase name="HandlesOverlappingStaticCalculations" file="/home/ubuntu/W4GROMACSPIPE/Gromacs_Head/Gromacs_Base/gromacs-2024.1/src/gromacs/selection/tests/poscalc.cpp" line="475" status="run" result="completed" time="0" timestamp="2024-04-22T21:34:13.031" classname="PositionCalculationTest" />
  </testsuite>
  <testsuite name="SelectionCollectionTest" tests="33" failures="0" disabled="0" skipped="0" errors="0" time="0.006" timestamp="2024-04-22T21:34:13.031">
    <testcase name="HandlesNoSelections" file="/home/ubuntu/W4GROMACSPIPE/Gromacs_Head/Gromacs_Base/gromacs-2024.1/src/gromacs/selection/tests/selectioncollection.cpp" line="381" status="run" result="completed" time="0" timestamp="2024-04-22T21:34:13.031" classname="SelectionCollectionTest" />
    <testcase name="HandlesNoSelectionsWithDefaultPositionType" file="/home/ubuntu/W4GROMACSPIPE/Gromacs_Head/Gromacs_Base/gromacs-2024.1/src/gromacs/selection/tests/selectioncollection.cpp" line="388" status="run" result="completed" time="0" timestamp="2024-04-22T21:34:13.031" classname="SelectionCollectionTest" />
    <testcase name="HandlesVelocityAndForceRequests" file="/home/ubuntu/W4GROMACSPIPE/Gromacs_Head/Gromacs_Base/gromacs-2024.1/src/gromacs/selection/tests/selectioncollection.cpp" line="402" status="run" result="completed" time="0" timestamp="2024-04-22T21:34:13.032" classname="SelectionCollectionTest" />
    <testcase name="HandlesForceRequestForCenterOfGeometry" file="/home/ubuntu/W4GROMACSPIPE/Gromacs_Head/Gromacs_Base/gromacs-2024.1/src/gromacs/selection/tests/selectioncollection.cpp" line="421" status="run" result="completed" time="0" timestamp="2024-04-22T21:34:13.032" classname="SelectionCollectionTest" />
    <testcase name="ParsesSelectionsFromFile" file="/home/ubuntu/W4GROMACSPIPE/Gromacs_Head/Gromacs_Base/gromacs-2024.1/src/gromacs/selection/tests/selectioncollection.cpp" line="435" status="run" result="completed" time="0" timestamp="2024-04-22T21:34:13.032" classname="SelectionCollectionTest" />
    <testcase name="HandlesAtypicalWhitespace" file="/home/ubuntu/W4GROMACSPIPE/Gromacs_Head/Gromacs_Base/gromacs-2024.1/src/gromacs/selection/tests/selectioncollection.cpp" line="445" status="run" result="completed" time="0" timestamp="2024-04-22T21:34:13.032" classname="SelectionCollectionTest" />
    <testcase name="HandlesInvalidRegularExpressions" file="/home/ubuntu/W4GROMACSPIPE/Gromacs_Head/Gromacs_Base/gromacs-2024.1/src/gromacs/selection/tests/selectioncollection.cpp" line="454" status="run" result="completed" time="0" timestamp="2024-04-22T21:34:13.032" classname="SelectionCollectionTest" />
    <testcase name="HandlesMissingMethodParamValue" file="/home/ubuntu/W4GROMACSPIPE/Gromacs_Head/Gromacs_Base/gromacs-2024.1/src/gromacs/selection/tests/selectioncollection.cpp" line="465" status="run" result="completed" time="0" timestamp="2024-04-22T21:34:13.033" classname="SelectionCollectionTest" />
    <testcase name="HandlesMissingMethodParamValue2" file="/home/ubuntu/W4GROMACSPIPE/Gromacs_Head/Gromacs_Base/gromacs-2024.1/src/gromacs/selection/tests/selectioncollection.cpp" line="470" status="run" result="completed" time="0" timestamp="2024-04-22T21:34:13.033" classname="SelectionCollectionTest" />
    <testcase name="HandlesMissingMethodParamValue3" file="/home/ubuntu/W4GROMACSPIPE/Gromacs_Head/Gromacs_Base/gromacs-2024.1/src/gromacs/selection/tests/selectioncollection.cpp" line="475" status="run" result="completed" time="0" timestamp="2024-04-22T21:34:13.033" classname="SelectionCollectionTest" />
    <testcase name="HandlesUnknownGroupReferenceParser1" file="/home/ubuntu/W4GROMACSPIPE/Gromacs_Head/Gromacs_Base/gromacs-2024.1/src/gromacs/selection/tests/selectioncollection.cpp" line="482" status="run" result="completed" time="0" timestamp="2024-04-22T21:34:13.033" classname="SelectionCollectionTest" />
    <testcase name="HandlesUnknownGroupReferenceParser2" file="/home/ubuntu/W4GROMACSPIPE/Gromacs_Head/Gromacs_Base/gromacs-2024.1/src/gromacs/selection/tests/selectioncollection.cpp" line="489" status="run" result="completed" time="0" timestamp="2024-04-22T21:34:13.033" classname="SelectionCollectionTest" />
    <testcase name="HandlesUnknownGroupReferenceDelayed1" file="/home/ubuntu/W4GROMACSPIPE/Gromacs_Head/Gromacs_Base/gromacs-2024.1/src/gromacs/selection/tests/selectioncollection.cpp" line="496" status="run" result="completed" time="0" timestamp="2024-04-22T21:34:13.034" classname="SelectionCollectionTest" />
    <testcase name="HandlesUnknownGroupReferenceDelayed2" file="/home/ubuntu/W4GROMACSPIPE/Gromacs_Head/Gromacs_Base/gromacs-2024.1/src/gromacs/selection/tests/selectioncollection.cpp" line="504" status="run" result="completed" time="0" timestamp="2024-04-22T21:34:13.034" classname="SelectionCollectionTest" />
    <testcase name="HandlesUnsortedGroupReference" file="/home/ubuntu/W4GROMACSPIPE/Gromacs_Head/Gromacs_Base/gromacs-2024.1/src/gromacs/selection/tests/selectioncollection.cpp" line="512" status="run" result="completed" time="0" timestamp="2024-04-22T21:34:13.034" classname="SelectionCollectionTest" />
    <testcase name="HandlesUnsortedGroupReferenceDelayed" file="/home/ubuntu/W4GROMACSPIPE/Gromacs_Head/Gromacs_Base/gromacs-2024.1/src/gromacs/selection/tests/selectioncollection.cpp" line="521" status="run" result="completed" time="0" timestamp="2024-04-22T21:34:13.034" classname="SelectionCollectionTest" />
    <testcase name="HandlesOutOfRangeAtomIndexInGroup" file="/home/ubuntu/W4GROMACSPIPE/Gromacs_Head/Gromacs_Base/gromacs-2024.1/src/gromacs/selection/tests/selectioncollection.cpp" line="532" status="run" result="completed" time="0" timestamp="2024-04-22T21:34:13.034" classname="SelectionCollectionTest" />
    <testcase name="HandlesOutOfRangeAtomIndexInGroupDelayed" file="/home/ubuntu/W4GROMACSPIPE/Gromacs_Head/Gromacs_Base/gromacs-2024.1/src/gromacs/selection/tests/selectioncollection.cpp" line="539" status="run" result="completed" time="0" timestamp="2024-04-22T21:34:13.035" classname="SelectionCollectionTest" />
    <testcase name="HandlesOutOfRangeAtomIndexInGroupDelayed2" file="/home/ubuntu/W4GROMACSPIPE/Gromacs_Head/Gromacs_Base/gromacs-2024.1/src/gromacs/selection/tests/selectioncollection.cpp" line="546" status="run" result="completed" time="0" timestamp="2024-04-22T21:34:13.035" classname="SelectionCollectionTest" />
    <testcase name="RecoversFromMissingMoleculeInfo" file="/home/ubuntu/W4GROMACSPIPE/Gromacs_Head/Gromacs_Base/gromacs-2024.1/src/gromacs/selection/tests/selectioncollection.cpp" line="553" status="run" result="completed" time="0" timestamp="2024-04-22T21:34:13.035" classname="SelectionCollectionTest" />
    <testcase name="RecoversFromMissingAtomTypes" file="/home/ubuntu/W4GROMACSPIPE/Gromacs_Head/Gromacs_Base/gromacs-2024.1/src/gromacs/selection/tests/selectioncollection.cpp" line="560" status="run" result="completed" time="0" timestamp="2024-04-22T21:34:13.035" classname="SelectionCollectionTest" />
    <testcase name="RecoversFromMissingPDBInfo" file="/home/ubuntu/W4GROMACSPIPE/Gromacs_Head/Gromacs_Base/gromacs-2024.1/src/gromacs/selection/tests/selectioncollection.cpp" line="567" status="run" result="completed" time="0" timestamp="2024-04-22T21:34:13.035" classname="SelectionCollectionTest" />
    <testcase name="RecoversFromInvalidPermutation" file="/home/ubuntu/W4GROMACSPIPE/Gromacs_Head/Gromacs_Base/gromacs-2024.1/src/gromacs/selection/tests/selectioncollection.cpp" line="574" status="run" result="completed" time="0" timestamp="2024-04-22T21:34:13.036" classname="SelectionCollectionTest" />
    <testcase name="RecoversFromInvalidPermutation2" file="/home/ubuntu/W4GROMACSPIPE/Gromacs_Head/Gromacs_Base/gromacs-2024.1/src/gromacs/selection/tests/selectioncollection.cpp" line="581" status="run" result="completed" time="0" timestamp="2024-04-22T21:34:13.036" classname="SelectionCollectionTest" />
    <testcase name="RecoversFromInvalidPermutation3" file="/home/ubuntu/W4GROMACSPIPE/Gromacs_Head/Gromacs_Base/gromacs-2024.1/src/gromacs/selection/tests/selectioncollection.cpp" line="588" status="run" result="completed" time="0" timestamp="2024-04-22T21:34:13.036" classname="SelectionCollectionTest" />
    <testcase name="HandlesFramesWithTooSmallAtomSubsets" file="/home/ubuntu/W4GROMACSPIPE/Gromacs_Head/Gromacs_Base/gromacs-2024.1/src/gromacs/selection/tests/selectioncollection.cpp" line="596" status="run" result="completed" time="0" timestamp="2024-04-22T21:34:13.036" classname="SelectionCollectionTest" />
    <testcase name="HandlesFramesWithTooSmallAtomSubsets2" file="/home/ubuntu/W4GROMACSPIPE/Gromacs_Head/Gromacs_Base/gromacs-2024.1/src/gromacs/selection/tests/selectioncollection.cpp" line="605" status="run" result="completed" time="0" timestamp="2024-04-22T21:34:13.036" classname="SelectionCollectionTest" />
    <testcase name="HandlesFramesWithTooSmallAtomSubsets3" file="/home/ubuntu/W4GROMACSPIPE/Gromacs_Head/Gromacs_Base/gromacs-2024.1/src/gromacs/selection/tests/selectioncollection.cpp" line="615" status="run" result="completed" time="0" timestamp="2024-04-22T21:34:13.037" classname="SelectionCollectionTest" />
    <testcase name="HandlesFramesWithTooSmallAtomSubsets4" file="/home/ubuntu/W4GROMACSPIPE/Gromacs_Head/Gromacs_Base/gromacs-2024.1/src/gromacs/selection/tests/selectioncollection.cpp" line="626" status="run" result="completed" time="0" timestamp="2024-04-22T21:34:13.037" classname="SelectionCollectionTest" />
    <testcase name="RetrieveValidSelection" file="/home/ubuntu/W4GROMACSPIPE/Gromacs_Head/Gromacs_Base/gromacs-2024.1/src/gromacs/selection/tests/selectioncollection.cpp" line="641" status="run" result="completed" time="0" timestamp="2024-04-22T21:34:13.037" classname="SelectionCollectionTest" />
    <testcase name="RetrieveInvalidSelection" file="/home/ubuntu/W4GROMACSPIPE/Gromacs_Head/Gromacs_Base/gromacs-2024.1/src/gromacs/selection/tests/selectioncollection.cpp" line="649" status="run" result="completed" time="0" timestamp="2024-04-22T21:34:13.037" classname="SelectionCollectionTest" />
    <testcase name="CanCopyEmptyCollection" file="/home/ubuntu/W4GROMACSPIPE/Gromacs_Head/Gromacs_Base/gromacs-2024.1/src/gromacs/selection/tests/selectioncollection.cpp" line="657" status="run" result="completed" time="0" timestamp="2024-04-22T21:34:13.037" classname="SelectionCollectionTest" />
    <testcase name="CopiedSelectionListsAreHandledSeparately" file="/home/ubuntu/W4GROMACSPIPE/Gromacs_Head/Gromacs_Base/gromacs-2024.1/src/gromacs/selection/tests/selectioncollection.cpp" line="662" status="run" result="completed" time="0" timestamp="2024-04-22T21:34:13.038" classname="SelectionCollectionTest" />
  </testsuite>
  <testsuite name="SelectionCollectionInteractiveTest" tests="14" failures="0" disabled="0" skipped="0" errors="0" time="0.003" timestamp="2024-04-22T21:34:13.038">
    <testcase name="HandlesBasicInput" file="/home/ubuntu/W4GROMACSPIPE/Gromacs_Head/Gromacs_Base/gromacs-2024.1/src/gromacs/selection/tests/selectioncollection.cpp" line="682" status="run" result="completed" time="0" timestamp="2024-04-22T21:34:13.038" classname="SelectionCollectionInteractiveTest" />
    <testcase name="HandlesContinuation" file="/home/ubuntu/W4GROMACSPIPE/Gromacs_Head/Gromacs_Base/gromacs-2024.1/src/gromacs/selection/tests/selectioncollection.cpp" line="688" status="run" result="completed" time="0" timestamp="2024-04-22T21:34:13.038" classname="SelectionCollectionInteractiveTest" />
    <testcase name="HandlesSingleSelectionInput" file="/home/ubuntu/W4GROMACSPIPE/Gromacs_Head/Gromacs_Base/gromacs-2024.1/src/gromacs/selection/tests/selectioncollection.cpp" line="694" status="run" result="completed" time="0" timestamp="2024-04-22T21:34:13.039" classname="SelectionCollectionInteractiveTest" />
    <testcase name="HandlesTwoSelectionInput" file="/home/ubuntu/W4GROMACSPIPE/Gromacs_Head/Gromacs_Base/gromacs-2024.1/src/gromacs/selection/tests/selectioncollection.cpp" line="700" status="run" result="completed" time="0" timestamp="2024-04-22T21:34:13.039" classname="SelectionCollectionInteractiveTest" />
    <testcase name="HandlesStatusWithGroups" file="/home/ubuntu/W4GROMACSPIPE/Gromacs_Head/Gromacs_Base/gromacs-2024.1/src/gromacs/selection/tests/selectioncollection.cpp" line="706" status="run" result="completed" time="0" timestamp="2024-04-22T21:34:13.039" classname="SelectionCollectionInteractiveTest" />
    <testcase name="HandlesStatusWithExistingSelections" file="/home/ubuntu/W4GROMACSPIPE/Gromacs_Head/Gromacs_Base/gromacs-2024.1/src/gromacs/selection/tests/selectioncollection.cpp" line="713" status="run" result="completed" time="0" timestamp="2024-04-22T21:34:13.039" classname="SelectionCollectionInteractiveTest" />
    <testcase name="HandlesSingleSelectionInputStatus" file="/home/ubuntu/W4GROMACSPIPE/Gromacs_Head/Gromacs_Base/gromacs-2024.1/src/gromacs/selection/tests/selectioncollection.cpp" line="721" status="run" result="completed" time="0" timestamp="2024-04-22T21:34:13.040" classname="SelectionCollectionInteractiveTest" />
    <testcase name="HandlesTwoSelectionInputStatus" file="/home/ubuntu/W4GROMACSPIPE/Gromacs_Head/Gromacs_Base/gromacs-2024.1/src/gromacs/selection/tests/selectioncollection.cpp" line="727" status="run" result="completed" time="0" timestamp="2024-04-22T21:34:13.040" classname="SelectionCollectionInteractiveTest" />
    <testcase name="HandlesMultiSelectionInputStatus" file="/home/ubuntu/W4GROMACSPIPE/Gromacs_Head/Gromacs_Base/gromacs-2024.1/src/gromacs/selection/tests/selectioncollection.cpp" line="733" status="run" result="completed" time="0" timestamp="2024-04-22T21:34:13.040" classname="SelectionCollectionInteractiveTest" />
    <testcase name="HandlesNoFinalNewline" file="/home/ubuntu/W4GROMACSPIPE/Gromacs_Head/Gromacs_Base/gromacs-2024.1/src/gromacs/selection/tests/selectioncollection.cpp" line="739" status="run" result="completed" time="0" timestamp="2024-04-22T21:34:13.040" classname="SelectionCollectionInteractiveTest" />
    <testcase name="HandlesEmptySelections" file="/home/ubuntu/W4GROMACSPIPE/Gromacs_Head/Gromacs_Base/gromacs-2024.1/src/gromacs/selection/tests/selectioncollection.cpp" line="748" status="run" result="completed" time="0" timestamp="2024-04-22T21:34:13.041" classname="SelectionCollectionInteractiveTest" />
    <testcase name="HandlesMultipleSelectionsOnLine" file="/home/ubuntu/W4GROMACSPIPE/Gromacs_Head/Gromacs_Base/gromacs-2024.1/src/gromacs/selection/tests/selectioncollection.cpp" line="754" status="run" result="completed" time="0" timestamp="2024-04-22T21:34:13.041" classname="SelectionCollectionInteractiveTest" />
    <testcase name="HandlesNoninteractiveInput" file="/home/ubuntu/W4GROMACSPIPE/Gromacs_Head/Gromacs_Base/gromacs-2024.1/src/gromacs/selection/tests/selectioncollection.cpp" line="760" status="run" result="completed" time="0" timestamp="2024-04-22T21:34:13.041" classname="SelectionCollectionInteractiveTest" />
    <testcase name="HandlesSingleSelectionInputNoninteractively" file="/home/ubuntu/W4GROMACSPIPE/Gromacs_Head/Gromacs_Base/gromacs-2024.1/src/gromacs/selection/tests/selectioncollection.cpp" line="766" status="run" result="completed" time="0" timestamp="2024-04-22T21:34:13.041" classname="SelectionCollectionInteractiveTest" />
  </testsuite>
  <testsuite name="SelectionCollectionDataTest" tests="70" failures="0" disabled="0" skipped="0" errors="0" time="0.032" timestamp="2024-04-22T21:34:13.041">
    <testcase name="HandlesAllNone" file="/home/ubuntu/W4GROMACSPIPE/Gromacs_Head/Gromacs_Base/gromacs-2024.1/src/gromacs/selection/tests/selectioncollection.cpp" line="777" status="run" result="completed" time="0" timestamp="2024-04-22T21:34:13.041" classname="SelectionCollectionDataTest" />
    <testcase name="HandlesAtomnr" file="/home/ubuntu/W4GROMACSPIPE/Gromacs_Head/Gromacs_Base/gromacs-2024.1/src/gromacs/selection/tests/selectioncollection.cpp" line="783" status="run" result="completed" time="0" timestamp="2024-04-22T21:34:13.042" classname="SelectionCollectionDataTest" />
    <testcase name="HandlesResnr" file="/home/ubuntu/W4GROMACSPIPE/Gromacs_Head/Gromacs_Base/gromacs-2024.1/src/gromacs/selection/tests/selectioncollection.cpp" line="791" status="run" result="completed" time="0" timestamp="2024-04-22T21:34:13.042" classname="SelectionCollectionDataTest" />
    <testcase name="HandlesResIndex" file="/home/ubuntu/W4GROMACSPIPE/Gromacs_Head/Gromacs_Base/gromacs-2024.1/src/gromacs/selection/tests/selectioncollection.cpp" line="797" status="run" result="completed" time="0" timestamp="2024-04-22T21:34:13.042" classname="SelectionCollectionDataTest" />
    <testcase name="HandlesMolIndex" file="/home/ubuntu/W4GROMACSPIPE/Gromacs_Head/Gromacs_Base/gromacs-2024.1/src/gromacs/selection/tests/selectioncollection.cpp" line="803" status="run" result="completed" time="0" timestamp="2024-04-22T21:34:13.043" classname="SelectionCollectionDataTest" />
    <testcase name="HandlesAtomname" file="/home/ubuntu/W4GROMACSPIPE/Gromacs_Head/Gromacs_Base/gromacs-2024.1/src/gromacs/selection/tests/selectioncollection.cpp" line="813" status="run" result="completed" time="0" timestamp="2024-04-22T21:34:13.043" classname="SelectionCollectionDataTest" />
    <testcase name="HandlesPdbAtomname" file="/home/ubuntu/W4GROMACSPIPE/Gromacs_Head/Gromacs_Base/gromacs-2024.1/src/gromacs/selection/tests/selectioncollection.cpp" line="819" status="run" result="completed" time="0" timestamp="2024-04-22T21:34:13.043" classname="SelectionCollectionDataTest" />
    <testcase name="HandlesAtomtype" file="/home/ubuntu/W4GROMACSPIPE/Gromacs_Head/Gromacs_Base/gromacs-2024.1/src/gromacs/selection/tests/selectioncollection.cpp" line="828" status="run" result="completed" time="0" timestamp="2024-04-22T21:34:13.044" classname="SelectionCollectionDataTest" />
    <testcase name="HandlesChain" file="/home/ubuntu/W4GROMACSPIPE/Gromacs_Head/Gromacs_Base/gromacs-2024.1/src/gromacs/selection/tests/selectioncollection.cpp" line="839" status="run" result="completed" time="0" timestamp="2024-04-22T21:34:13.044" classname="SelectionCollectionDataTest" />
    <testcase name="HandlesMass" file="/home/ubuntu/W4GROMACSPIPE/Gromacs_Head/Gromacs_Base/gromacs-2024.1/src/gromacs/selection/tests/selectioncollection.cpp" line="845" status="run" result="completed" time="0" timestamp="2024-04-22T21:34:13.044" classname="SelectionCollectionDataTest" />
    <testcase name="HandlesCharge" file="/home/ubuntu/W4GROMACSPIPE/Gromacs_Head/Gromacs_Base/gromacs-2024.1/src/gromacs/selection/tests/selectioncollection.cpp" line="861" status="run" result="completed" time="0" timestamp="2024-04-22T21:34:13.044" classname="SelectionCollectionDataTest" />
    <testcase name="HandlesAltLoc" file="/home/ubuntu/W4GROMACSPIPE/Gromacs_Head/Gromacs_Base/gromacs-2024.1/src/gromacs/selection/tests/selectioncollection.cpp" line="879" status="run" result="completed" time="0" timestamp="2024-04-22T21:34:13.045" classname="SelectionCollectionDataTest" />
    <testcase name="HandlesInsertCode" file="/home/ubuntu/W4GROMACSPIPE/Gromacs_Head/Gromacs_Base/gromacs-2024.1/src/gromacs/selection/tests/selectioncollection.cpp" line="885" status="run" result="completed" time="0" timestamp="2024-04-22T21:34:13.045" classname="SelectionCollectionDataTest" />
    <testcase name="HandlesOccupancy" file="/home/ubuntu/W4GROMACSPIPE/Gromacs_Head/Gromacs_Base/gromacs-2024.1/src/gromacs/selection/tests/selectioncollection.cpp" line="891" status="run" result="completed" time="0" timestamp="2024-04-22T21:34:13.045" classname="SelectionCollectionDataTest" />
    <testcase name="HandlesBeta" file="/home/ubuntu/W4GROMACSPIPE/Gromacs_Head/Gromacs_Base/gromacs-2024.1/src/gromacs/selection/tests/selectioncollection.cpp" line="897" status="run" result="completed" time="0" timestamp="2024-04-22T21:34:13.046" classname="SelectionCollectionDataTest" />
    <testcase name="HandlesResname" file="/home/ubuntu/W4GROMACSPIPE/Gromacs_Head/Gromacs_Base/gromacs-2024.1/src/gromacs/selection/tests/selectioncollection.cpp" line="903" status="run" result="completed" time="0" timestamp="2024-04-22T21:34:13.046" classname="SelectionCollectionDataTest" />
    <testcase name="HandlesCoordinateKeywords" file="/home/ubuntu/W4GROMACSPIPE/Gromacs_Head/Gromacs_Base/gromacs-2024.1/src/gromacs/selection/tests/selectioncollection.cpp" line="909" status="run" result="completed" time="0" timestamp="2024-04-22T21:34:13.046" classname="SelectionCollectionDataTest" />
    <testcase name="HandlesSameResidue" file="/home/ubuntu/W4GROMACSPIPE/Gromacs_Head/Gromacs_Base/gromacs-2024.1/src/gromacs/selection/tests/selectioncollection.cpp" line="917" status="run" result="completed" time="0" timestamp="2024-04-22T21:34:13.047" classname="SelectionCollectionDataTest" />
    <testcase name="HandlesSameResidueName" file="/home/ubuntu/W4GROMACSPIPE/Gromacs_Head/Gromacs_Base/gromacs-2024.1/src/gromacs/selection/tests/selectioncollection.cpp" line="924" status="run" result="completed" time="0" timestamp="2024-04-22T21:34:13.047" classname="SelectionCollectionDataTest" />
    <testcase name="HandlesPositionKeywords" file="/home/ubuntu/W4GROMACSPIPE/Gromacs_Head/Gromacs_Base/gromacs-2024.1/src/gromacs/selection/tests/selectioncollection.cpp" line="931" status="run" result="completed" time="0" timestamp="2024-04-22T21:34:13.047" classname="SelectionCollectionDataTest" />
    <testcase name="HandlesDistanceKeyword" file="/home/ubuntu/W4GROMACSPIPE/Gromacs_Head/Gromacs_Base/gromacs-2024.1/src/gromacs/selection/tests/selectioncollection.cpp" line="943" status="run" result="completed" time="0" timestamp="2024-04-22T21:34:13.048" classname="SelectionCollectionDataTest" />
    <testcase name="HandlesMinDistanceKeyword" file="/home/ubuntu/W4GROMACSPIPE/Gromacs_Head/Gromacs_Base/gromacs-2024.1/src/gromacs/selection/tests/selectioncollection.cpp" line="951" status="run" result="completed" time="0" timestamp="2024-04-22T21:34:13.049" classname="SelectionCollectionDataTest" />
    <testcase name="HandlesWithinKeyword" file="/home/ubuntu/W4GROMACSPIPE/Gromacs_Head/Gromacs_Base/gromacs-2024.1/src/gromacs/selection/tests/selectioncollection.cpp" line="959" status="run" result="completed" time="0" timestamp="2024-04-22T21:34:13.049" classname="SelectionCollectionDataTest" />
    <testcase name="HandlesInSolidAngleKeyword" file="/home/ubuntu/W4GROMACSPIPE/Gromacs_Head/Gromacs_Base/gromacs-2024.1/src/gromacs/selection/tests/selectioncollection.cpp" line="967" status="run" result="completed" time="0.001" timestamp="2024-04-22T21:34:13.049" classname="SelectionCollectionDataTest" />
    <testcase name="HandlesPermuteModifier" file="/home/ubuntu/W4GROMACSPIPE/Gromacs_Head/Gromacs_Base/gromacs-2024.1/src/gromacs/selection/tests/selectioncollection.cpp" line="979" status="run" result="completed" time="0" timestamp="2024-04-22T21:34:13.051" classname="SelectionCollectionDataTest" />
    <testcase name="HandlesPlusModifier" file="/home/ubuntu/W4GROMACSPIPE/Gromacs_Head/Gromacs_Base/gromacs-2024.1/src/gromacs/selection/tests/selectioncollection.cpp" line="990" status="run" result="completed" time="0" timestamp="2024-04-22T21:34:13.052" classname="SelectionCollectionDataTest" />
    <testcase name="HandlesMergeModifier" file="/home/ubuntu/W4GROMACSPIPE/Gromacs_Head/Gromacs_Base/gromacs-2024.1/src/gromacs/selection/tests/selectioncollection.cpp" line="1003" status="run" result="completed" time="0" timestamp="2024-04-22T21:34:13.053" classname="SelectionCollectionDataTest" />
    <testcase name="ComputesMassesAndCharges" file="/home/ubuntu/W4GROMACSPIPE/Gromacs_Head/Gromacs_Base/gromacs-2024.1/src/gromacs/selection/tests/selectioncollection.cpp" line="1020" status="run" result="completed" time="0" timestamp="2024-04-22T21:34:13.054" classname="SelectionCollectionDataTest" />
    <testcase name="ComputesMassesAndChargesWithoutTopology" file="/home/ubuntu/W4GROMACSPIPE/Gromacs_Head/Gromacs_Base/gromacs-2024.1/src/gromacs/selection/tests/selectioncollection.cpp" line="1041" status="run" result="completed" time="0" timestamp="2024-04-22T21:34:13.055" classname="SelectionCollectionDataTest" />
    <testcase name="HandlesFramesWithAtomSubsets" file="/home/ubuntu/W4GROMACSPIPE/Gromacs_Head/Gromacs_Base/gromacs-2024.1/src/gromacs/selection/tests/selectioncollection.cpp" line="1048" status="run" result="completed" time="0" timestamp="2024-04-22T21:34:13.055" classname="SelectionCollectionDataTest" />
    <testcase name="HandlesSelectionNames" file="/home/ubuntu/W4GROMACSPIPE/Gromacs_Head/Gromacs_Base/gromacs-2024.1/src/gromacs/selection/tests/selectioncollection.cpp" line="1068" status="run" result="completed" time="0" timestamp="2024-04-22T21:34:13.056" classname="SelectionCollectionDataTest" />
    <testcase name="HandlesIndexGroupsInSelections" file="/home/ubuntu/W4GROMACSPIPE/Gromacs_Head/Gromacs_Base/gromacs-2024.1/src/gromacs/selection/tests/selectioncollection.cpp" line="1078" status="run" result="completed" time="0" timestamp="2024-04-22T21:34:13.056" classname="SelectionCollectionDataTest" />
    <testcase name="HandlesIndexGroupsInSelectionsDelayed" file="/home/ubuntu/W4GROMACSPIPE/Gromacs_Head/Gromacs_Base/gromacs-2024.1/src/gromacs/selection/tests/selectioncollection.cpp" line="1094" status="run" result="completed" time="0" timestamp="2024-04-22T21:34:13.057" classname="SelectionCollectionDataTest" />
    <testcase name="HandlesUnsortedIndexGroupsInSelections" file="/home/ubuntu/W4GROMACSPIPE/Gromacs_Head/Gromacs_Base/gromacs-2024.1/src/gromacs/selection/tests/selectioncollection.cpp" line="1106" status="run" result="completed" time="0" timestamp="2024-04-22T21:34:13.057" classname="SelectionCollectionDataTest" />
    <testcase name="HandlesUnsortedIndexGroupsInSelectionsDelayed" file="/home/ubuntu/W4GROMACSPIPE/Gromacs_Head/Gromacs_Base/gromacs-2024.1/src/gromacs/selection/tests/selectioncollection.cpp" line="1120" status="run" result="completed" time="0" timestamp="2024-04-22T21:34:13.058" classname="SelectionCollectionDataTest" />
    <testcase name="HandlesConstantPositions" file="/home/ubuntu/W4GROMACSPIPE/Gromacs_Head/Gromacs_Base/gromacs-2024.1/src/gromacs/selection/tests/selectioncollection.cpp" line="1136" status="run" result="completed" time="0" timestamp="2024-04-22T21:34:13.058" classname="SelectionCollectionDataTest" />
    <testcase name="HandlesConstantPositionsWithModifiers" file="/home/ubuntu/W4GROMACSPIPE/Gromacs_Head/Gromacs_Base/gromacs-2024.1/src/gromacs/selection/tests/selectioncollection.cpp" line="1144" status="run" result="completed" time="0" timestamp="2024-04-22T21:34:13.059" classname="SelectionCollectionDataTest" />
    <testcase name="HandlesWithinConstantPositions" file="/home/ubuntu/W4GROMACSPIPE/Gromacs_Head/Gromacs_Base/gromacs-2024.1/src/gromacs/selection/tests/selectioncollection.cpp" line="1152" status="run" result="completed" time="0" timestamp="2024-04-22T21:34:13.059" classname="SelectionCollectionDataTest" />
    <testcase name="HandlesOverlappingIntegerRanges" file="/home/ubuntu/W4GROMACSPIPE/Gromacs_Head/Gromacs_Base/gromacs-2024.1/src/gromacs/selection/tests/selectioncollection.cpp" line="1160" status="run" result="completed" time="0" timestamp="2024-04-22T21:34:13.059" classname="SelectionCollectionDataTest" />
    <testcase name="HandlesOverlappingRealRanges" file="/home/ubuntu/W4GROMACSPIPE/Gromacs_Head/Gromacs_Base/gromacs-2024.1/src/gromacs/selection/tests/selectioncollection.cpp" line="1167" status="run" result="completed" time="0" timestamp="2024-04-22T21:34:13.060" classname="SelectionCollectionDataTest" />
    <testcase name="HandlesForcedStringMatchingMode" file="/home/ubuntu/W4GROMACSPIPE/Gromacs_Head/Gromacs_Base/gromacs-2024.1/src/gromacs/selection/tests/selectioncollection.cpp" line="1184" status="run" result="completed" time="0" timestamp="2024-04-22T21:34:13.060" classname="SelectionCollectionDataTest" />
    <testcase name="HandlesWildcardMatching" file="/home/ubuntu/W4GROMACSPIPE/Gromacs_Head/Gromacs_Base/gromacs-2024.1/src/gromacs/selection/tests/selectioncollection.cpp" line="1191" status="run" result="completed" time="0" timestamp="2024-04-22T21:34:13.060" classname="SelectionCollectionDataTest" />
    <testcase name="HandlesRegexMatching" file="/home/ubuntu/W4GROMACSPIPE/Gromacs_Head/Gromacs_Base/gromacs-2024.1/src/gromacs/selection/tests/selectioncollection.cpp" line="1198" status="run" result="completed" time="0" timestamp="2024-04-22T21:34:13.061" classname="SelectionCollectionDataTest" />
    <testcase name="HandlesBasicBoolean" file="/home/ubuntu/W4GROMACSPIPE/Gromacs_Head/Gromacs_Base/gromacs-2024.1/src/gromacs/selection/tests/selectioncollection.cpp" line="1205" status="run" result="completed" time="0" timestamp="2024-04-22T21:34:13.061" classname="SelectionCollectionDataTest" />
    <testcase name="HandlesDynamicAtomValuedParameters" file="/home/ubuntu/W4GROMACSPIPE/Gromacs_Head/Gromacs_Base/gromacs-2024.1/src/gromacs/selection/tests/selectioncollection.cpp" line="1218" status="run" result="completed" time="0" timestamp="2024-04-22T21:34:13.061" classname="SelectionCollectionDataTest" />
    <testcase name="HandlesEmptySelectionWithUnevaluatedExpressions" file="/home/ubuntu/W4GROMACSPIPE/Gromacs_Head/Gromacs_Base/gromacs-2024.1/src/gromacs/selection/tests/selectioncollection.cpp" line="1229" status="run" result="completed" time="0" timestamp="2024-04-22T21:34:13.062" classname="SelectionCollectionDataTest" />
    <testcase name="HandlesEmptyReferenceForSame" file="/home/ubuntu/W4GROMACSPIPE/Gromacs_Head/Gromacs_Base/gromacs-2024.1/src/gromacs/selection/tests/selectioncollection.cpp" line="1236" status="run" result="completed" time="0" timestamp="2024-04-22T21:34:13.062" classname="SelectionCollectionDataTest" />
    <testcase name="HandlesPositionModifiersForKeywords" file="/home/ubuntu/W4GROMACSPIPE/Gromacs_Head/Gromacs_Base/gromacs-2024.1/src/gromacs/selection/tests/selectioncollection.cpp" line="1243" status="run" result="completed" time="0" timestamp="2024-04-22T21:34:13.062" classname="SelectionCollectionDataTest" />
    <testcase name="HandlesPositionModifiersForMethods" file="/home/ubuntu/W4GROMACSPIPE/Gromacs_Head/Gromacs_Base/gromacs-2024.1/src/gromacs/selection/tests/selectioncollection.cpp" line="1251" status="run" result="completed" time="0" timestamp="2024-04-22T21:34:13.063" classname="SelectionCollectionDataTest" />
    <testcase name="HandlesKeywordOfPositions" file="/home/ubuntu/W4GROMACSPIPE/Gromacs_Head/Gromacs_Base/gromacs-2024.1/src/gromacs/selection/tests/selectioncollection.cpp" line="1260" status="run" result="completed" time="0" timestamp="2024-04-22T21:34:13.063" classname="SelectionCollectionDataTest" />
    <testcase name="HandlesKeywordOfPositionsInArithmetic" file="/home/ubuntu/W4GROMACSPIPE/Gromacs_Head/Gromacs_Base/gromacs-2024.1/src/gromacs/selection/tests/selectioncollection.cpp" line="1267" status="run" result="completed" time="0" timestamp="2024-04-22T21:34:13.064" classname="SelectionCollectionDataTest" />
    <testcase name="HandlesNumericComparisons" file="/home/ubuntu/W4GROMACSPIPE/Gromacs_Head/Gromacs_Base/gromacs-2024.1/src/gromacs/selection/tests/selectioncollection.cpp" line="1275" status="run" result="completed" time="0" timestamp="2024-04-22T21:34:13.064" classname="SelectionCollectionDataTest" />
    <testcase name="HandlesArithmeticExpressions" file="/home/ubuntu/W4GROMACSPIPE/Gromacs_Head/Gromacs_Base/gromacs-2024.1/src/gromacs/selection/tests/selectioncollection.cpp" line="1285" status="run" result="completed" time="0" timestamp="2024-04-22T21:34:13.065" classname="SelectionCollectionDataTest" />
    <testcase name="HandlesNumericVariables" file="/home/ubuntu/W4GROMACSPIPE/Gromacs_Head/Gromacs_Base/gromacs-2024.1/src/gromacs/selection/tests/selectioncollection.cpp" line="1293" status="run" result="completed" time="0" timestamp="2024-04-22T21:34:13.065" classname="SelectionCollectionDataTest" />
    <testcase name="HandlesComplexNumericVariables" file="/home/ubuntu/W4GROMACSPIPE/Gromacs_Head/Gromacs_Base/gromacs-2024.1/src/gromacs/selection/tests/selectioncollection.cpp" line="1303" status="run" result="completed" time="0" timestamp="2024-04-22T21:34:13.066" classname="SelectionCollectionDataTest" />
    <testcase name="HandlesPositionVariables" file="/home/ubuntu/W4GROMACSPIPE/Gromacs_Head/Gromacs_Base/gromacs-2024.1/src/gromacs/selection/tests/selectioncollection.cpp" line="1314" status="run" result="completed" time="0" timestamp="2024-04-22T21:34:13.066" classname="SelectionCollectionDataTest" />
    <testcase name="HandlesPositionVariableInModifier" file="/home/ubuntu/W4GROMACSPIPE/Gromacs_Head/Gromacs_Base/gromacs-2024.1/src/gromacs/selection/tests/selectioncollection.cpp" line="1325" status="run" result="completed" time="0" timestamp="2024-04-22T21:34:13.067" classname="SelectionCollectionDataTest" />
    <testcase name="HandlesConstantPositionInVariable" file="/home/ubuntu/W4GROMACSPIPE/Gromacs_Head/Gromacs_Base/gromacs-2024.1/src/gromacs/selection/tests/selectioncollection.cpp" line="1335" status="run" result="completed" time="0" timestamp="2024-04-22T21:34:13.067" classname="SelectionCollectionDataTest" />
    <testcase name="HandlesNumericConstantsInVariables" file="/home/ubuntu/W4GROMACSPIPE/Gromacs_Head/Gromacs_Base/gromacs-2024.1/src/gromacs/selection/tests/selectioncollection.cpp" line="1345" status="run" result="completed" time="0" timestamp="2024-04-22T21:34:13.068" classname="SelectionCollectionDataTest" />
    <testcase name="HandlesBooleanStaticAnalysis" file="/home/ubuntu/W4GROMACSPIPE/Gromacs_Head/Gromacs_Base/gromacs-2024.1/src/gromacs/selection/tests/selectioncollection.cpp" line="1361" status="run" result="completed" time="0" timestamp="2024-04-22T21:34:13.068" classname="SelectionCollectionDataTest" />
    <testcase name="HandlesBooleanStaticAnalysisWithVariables" file="/home/ubuntu/W4GROMACSPIPE/Gromacs_Head/Gromacs_Base/gromacs-2024.1/src/gromacs/selection/tests/selectioncollection.cpp" line="1374" status="run" result="completed" time="0" timestamp="2024-04-22T21:34:13.069" classname="SelectionCollectionDataTest" />
    <testcase name="HandlesBooleanStaticAnalysisWithMoreVariables" file="/home/ubuntu/W4GROMACSPIPE/Gromacs_Head/Gromacs_Base/gromacs-2024.1/src/gromacs/selection/tests/selectioncollection.cpp" line="1384" status="run" result="completed" time="0" timestamp="2024-04-22T21:34:13.069" classname="SelectionCollectionDataTest" />
    <testcase name="HandlesUnusedVariables" file="/home/ubuntu/W4GROMACSPIPE/Gromacs_Head/Gromacs_Base/gromacs-2024.1/src/gromacs/selection/tests/selectioncollection.cpp" line="1403" status="run" result="completed" time="0" timestamp="2024-04-22T21:34:13.069" classname="SelectionCollectionDataTest" />
    <testcase name="HandlesVariablesWithStaticEvaluationGroups" file="/home/ubuntu/W4GROMACSPIPE/Gromacs_Head/Gromacs_Base/gromacs-2024.1/src/gromacs/selection/tests/selectioncollection.cpp" line="1413" status="run" result="completed" time="0" timestamp="2024-04-22T21:34:13.070" classname="SelectionCollectionDataTest" />
    <testcase name="HandlesVariablesWithMixedEvaluationGroups" file="/home/ubuntu/W4GROMACSPIPE/Gromacs_Head/Gromacs_Base/gromacs-2024.1/src/gromacs/selection/tests/selectioncollection.cpp" line="1422" status="run" result="completed" time="0" timestamp="2024-04-22T21:34:13.070" classname="SelectionCollectionDataTest" />
    <testcase name="HandlesVariablesWithMixedEvaluationGroups2" file="/home/ubuntu/W4GROMACSPIPE/Gromacs_Head/Gromacs_Base/gromacs-2024.1/src/gromacs/selection/tests/selectioncollection.cpp" line="1431" status="run" result="completed" time="0" timestamp="2024-04-22T21:34:13.070" classname="SelectionCollectionDataTest" />
    <testcase name="CopiedSelectionWorksPreCompilation" file="/home/ubuntu/W4GROMACSPIPE/Gromacs_Head/Gromacs_Base/gromacs-2024.1/src/gromacs/selection/tests/selectioncollection.cpp" line="1446" status="run" result="completed" time="0" timestamp="2024-04-22T21:34:13.071" classname="SelectionCollectionDataTest" />
    <testcase name="CopiedSelectionWorksPostCompilation" file="/home/ubuntu/W4GROMACSPIPE/Gromacs_Head/Gromacs_Base/gromacs-2024.1/src/gromacs/selection/tests/selectioncollection.cpp" line="1476" status="run" result="completed" time="0.001" timestamp="2024-04-22T21:34:13.072" classname="SelectionCollectionDataTest" />
    <testcase name="CopiedSelectionsAreIndependent" file="/home/ubuntu/W4GROMACSPIPE/Gromacs_Head/Gromacs_Base/gromacs-2024.1/src/gromacs/selection/tests/selectioncollection.cpp" line="1507" status="run" result="completed" time="0" timestamp="2024-04-22T21:34:13.073" classname="SelectionCollectionDataTest" />
    <testcase name="CopiedSelectionWithIndexPostCompilation" file="/home/ubuntu/W4GROMACSPIPE/Gromacs_Head/Gromacs_Base/gromacs-2024.1/src/gromacs/selection/tests/selectioncollection.cpp" line="1525" status="run" result="completed" time="0" timestamp="2024-04-22T21:34:13.073" classname="SelectionCollectionDataTest" />
  </testsuite>
  <testsuite name="SelectionOptionTest" tests="17" failures="0" disabled="0" skipped="0" errors="0" time="0.002" timestamp="2024-04-22T21:34:13.074">
    <testcase name="ParsesSimpleSelection" file="/home/ubuntu/W4GROMACSPIPE/Gromacs_Head/Gromacs_Base/gromacs-2024.1/src/gromacs/selection/tests/selectionoption.cpp" line="106" status="run" result="completed" time="0" timestamp="2024-04-22T21:34:13.074" classname="SelectionOptionTest" />
    <testcase name="HandlesDynamicSelectionWhenStaticRequired" file="/home/ubuntu/W4GROMACSPIPE/Gromacs_Head/Gromacs_Base/gromacs-2024.1/src/gromacs/selection/tests/selectionoption.cpp" line="124" status="run" result="completed" time="0" timestamp="2024-04-22T21:34:13.075" classname="SelectionOptionTest" />
    <testcase name="HandlesNonAtomicSelectionWhenAtomsRequired" file="/home/ubuntu/W4GROMACSPIPE/Gromacs_Head/Gromacs_Base/gromacs-2024.1/src/gromacs/selection/tests/selectionoption.cpp" line="140" status="run" result="completed" time="0" timestamp="2024-04-22T21:34:13.075" classname="SelectionOptionTest" />
    <testcase name="ChecksForSortedAtomsWhenRequired" file="/home/ubuntu/W4GROMACSPIPE/Gromacs_Head/Gromacs_Base/gromacs-2024.1/src/gromacs/selection/tests/selectionoption.cpp" line="159" status="run" result="completed" time="0" timestamp="2024-04-22T21:34:13.075" classname="SelectionOptionTest" />
    <testcase name="ChecksEmptySelections" file="/home/ubuntu/W4GROMACSPIPE/Gromacs_Head/Gromacs_Base/gromacs-2024.1/src/gromacs/selection/tests/selectionoption.cpp" line="178" status="run" result="completed" time="0" timestamp="2024-04-22T21:34:13.075" classname="SelectionOptionTest" />
    <testcase name="ChecksEmptyDelayedSelections" file="/home/ubuntu/W4GROMACSPIPE/Gromacs_Head/Gromacs_Base/gromacs-2024.1/src/gromacs/selection/tests/selectionoption.cpp" line="196" status="run" result="completed" time="0" timestamp="2024-04-22T21:34:13.075" classname="SelectionOptionTest" />
    <testcase name="HandlesTooManySelections" file="/home/ubuntu/W4GROMACSPIPE/Gromacs_Head/Gromacs_Base/gromacs-2024.1/src/gromacs/selection/tests/selectionoption.cpp" line="214" status="run" result="completed" time="0" timestamp="2024-04-22T21:34:13.075" classname="SelectionOptionTest" />
    <testcase name="HandlesTooFewSelections" file="/home/ubuntu/W4GROMACSPIPE/Gromacs_Head/Gromacs_Base/gromacs-2024.1/src/gromacs/selection/tests/selectionoption.cpp" line="231" status="run" result="completed" time="0" timestamp="2024-04-22T21:34:13.076" classname="SelectionOptionTest" />
    <testcase name="HandlesDefaultSelectionText" file="/home/ubuntu/W4GROMACSPIPE/Gromacs_Head/Gromacs_Base/gromacs-2024.1/src/gromacs/selection/tests/selectionoption.cpp" line="247" status="run" result="completed" time="0" timestamp="2024-04-22T21:34:13.076" classname="SelectionOptionTest" />
    <testcase name="HandlesAdjuster" file="/home/ubuntu/W4GROMACSPIPE/Gromacs_Head/Gromacs_Base/gromacs-2024.1/src/gromacs/selection/tests/selectionoption.cpp" line="264" status="run" result="completed" time="0" timestamp="2024-04-22T21:34:13.076" classname="SelectionOptionTest" />
    <testcase name="HandlesDynamicWhenStaticRequiredWithAdjuster" file="/home/ubuntu/W4GROMACSPIPE/Gromacs_Head/Gromacs_Base/gromacs-2024.1/src/gromacs/selection/tests/selectionoption.cpp" line="283" status="run" result="completed" time="0" timestamp="2024-04-22T21:34:13.076" classname="SelectionOptionTest" />
    <testcase name="HandlesTooManySelectionsWithAdjuster" file="/home/ubuntu/W4GROMACSPIPE/Gromacs_Head/Gromacs_Base/gromacs-2024.1/src/gromacs/selection/tests/selectionoption.cpp" line="300" status="run" result="completed" time="0" timestamp="2024-04-22T21:34:13.076" classname="SelectionOptionTest" />
    <testcase name="HandlesTooFewSelectionsWithAdjuster" file="/home/ubuntu/W4GROMACSPIPE/Gromacs_Head/Gromacs_Base/gromacs-2024.1/src/gromacs/selection/tests/selectionoption.cpp" line="319" status="run" result="completed" time="0" timestamp="2024-04-22T21:34:13.076" classname="SelectionOptionTest" />
    <testcase name="HandlesDelayedRequiredSelection" file="/home/ubuntu/W4GROMACSPIPE/Gromacs_Head/Gromacs_Base/gromacs-2024.1/src/gromacs/selection/tests/selectionoption.cpp" line="337" status="run" result="completed" time="0" timestamp="2024-04-22T21:34:13.077" classname="SelectionOptionTest" />
    <testcase name="HandlesTooFewDelayedRequiredSelections" file="/home/ubuntu/W4GROMACSPIPE/Gromacs_Head/Gromacs_Base/gromacs-2024.1/src/gromacs/selection/tests/selectionoption.cpp" line="352" status="run" result="completed" time="0" timestamp="2024-04-22T21:34:13.077" classname="SelectionOptionTest" />
    <testcase name="HandlesDelayedOptionalSelection" file="/home/ubuntu/W4GROMACSPIPE/Gromacs_Head/Gromacs_Base/gromacs-2024.1/src/gromacs/selection/tests/selectionoption.cpp" line="366" status="run" result="completed" time="0" timestamp="2024-04-22T21:34:13.077" classname="SelectionOptionTest" />
    <testcase name="HandlesDelayedSelectionWithAdjuster" file="/home/ubuntu/W4GROMACSPIPE/Gromacs_Head/Gromacs_Base/gromacs-2024.1/src/gromacs/selection/tests/selectionoption.cpp" line="383" status="run" result="completed" time="0" timestamp="2024-04-22T21:34:13.077" classname="SelectionOptionTest" />
  </testsuite>
  <testsuite name="SelectionFileOptionTest" tests="9" failures="0" disabled="0" skipped="0" errors="0" time="0.001" timestamp="2024-04-22T21:34:13.077">
    <testcase name="HandlesSingleSelectionOptionFromFile" file="/home/ubuntu/W4GROMACSPIPE/Gromacs_Head/Gromacs_Base/gromacs-2024.1/src/gromacs/selection/tests/selectionoption.cpp" line="417" status="run" result="completed" time="0" timestamp="2024-04-22T21:34:13.077" classname="SelectionFileOptionTest" />
    <testcase name="HandlesTwoSeparateSelectionOptions" file="/home/ubuntu/W4GROMACSPIPE/Gromacs_Head/Gromacs_Base/gromacs-2024.1/src/gromacs/selection/tests/selectionoption.cpp" line="444" status="run" result="completed" time="0" timestamp="2024-04-22T21:34:13.077" classname="SelectionFileOptionTest" />
    <testcase name="HandlesTwoSelectionOptionsFromSingleFile" file="/home/ubuntu/W4GROMACSPIPE/Gromacs_Head/Gromacs_Base/gromacs-2024.1/src/gromacs/selection/tests/selectionoption.cpp" line="478" status="run" result="completed" time="0" timestamp="2024-04-22T21:34:13.077" classname="SelectionFileOptionTest" />
    <testcase name="HandlesRequiredOptionFromFile" file="/home/ubuntu/W4GROMACSPIPE/Gromacs_Head/Gromacs_Base/gromacs-2024.1/src/gromacs/selection/tests/selectionoption.cpp" line="507" status="run" result="completed" time="0" timestamp="2024-04-22T21:34:13.078" classname="SelectionFileOptionTest" />
    <testcase name="HandlesRequiredOptionFromFileWithOtherOptionSet" file="/home/ubuntu/W4GROMACSPIPE/Gromacs_Head/Gromacs_Base/gromacs-2024.1/src/gromacs/selection/tests/selectionoption.cpp" line="537" status="run" result="completed" time="0" timestamp="2024-04-22T21:34:13.078" classname="SelectionFileOptionTest" />
    <testcase name="HandlesTwoRequiredOptionsFromSingleFile" file="/home/ubuntu/W4GROMACSPIPE/Gromacs_Head/Gromacs_Base/gromacs-2024.1/src/gromacs/selection/tests/selectionoption.cpp" line="567" status="run" result="completed" time="0" timestamp="2024-04-22T21:34:13.078" classname="SelectionFileOptionTest" />
    <testcase name="GivesErrorWithNoFile" file="/home/ubuntu/W4GROMACSPIPE/Gromacs_Head/Gromacs_Base/gromacs-2024.1/src/gromacs/selection/tests/selectionoption.cpp" line="592" status="run" result="completed" time="0" timestamp="2024-04-22T21:34:13.078" classname="SelectionFileOptionTest" />
    <testcase name="GivesErrorWithNonExistentFile" file="/home/ubuntu/W4GROMACSPIPE/Gromacs_Head/Gromacs_Base/gromacs-2024.1/src/gromacs/selection/tests/selectionoption.cpp" line="609" status="run" result="completed" time="0" timestamp="2024-04-22T21:34:13.078" classname="SelectionFileOptionTest" />
    <testcase name="GivesErrorWithMultipleFiles" file="/home/ubuntu/W4GROMACSPIPE/Gromacs_Head/Gromacs_Base/gromacs-2024.1/src/gromacs/selection/tests/selectionoption.cpp" line="630" status="run" result="completed" time="0" timestamp="2024-04-22T21:34:13.078" classname="SelectionFileOptionTest" />
  </testsuite>
</testsuites>
